<?xml version="1.0" encoding="UTF-8"?>
<!-- Generated by org.testng.reporters.JUnitXMLReporter -->
<testsuite ignored="0" hostname="Mohan-Thiyagarajan" failures="1" tests="8" name="Surefire test" time="22.622" errors="0" timestamp="2025-12-30T11:25:28 IST">
  <testcase classname="com.qa.opencart.tests.HomePageTest" name="homePageTitleTest" time="0.028"/>
  <testcase classname="com.qa.opencart.tests.HomePageTest" name="getHomePageURLTest" time="0.001"/>
  <testcase classname="com.qa.opencart.tests.HomePageTest" name="searchTest" time="0.703"/>
  <testcase classname="com.qa.opencart.tests.HomePageTest" name="searchTest" time="0.48"/>
  <testcase classname="com.qa.opencart.tests.HomePageTest" name="searchTest" time="0.213">
    <failure type="java.lang.AssertionError" message="expected [Search - Samsung] but found [Search - iMac]">
      <![CDATA[java.lang.AssertionError: expected [Search - Samsung] but found [Search - iMac]
at com.qa.opencart.tests.HomePageTest.searchTest(HomePageTest.java:35)
at java.base/java.util.ArrayList.forEach(ArrayList.java:1596)
... Removed 36 stack frames]]>
    </failure>
  </testcase> <!-- searchTest -->
  <testcase classname="com.qa.opencart.tests.LoginPageTest" name="loginPageNavigationTest" time="0.633"/>
  <testcase classname="com.qa.opencart.tests.LoginPageTest" name="visibleForgotPasswordLink" time="0.132"/>
  <testcase classname="com.qa.opencart.tests.LoginPageTest" name="appLoginTest" time="0.637"/>
</testsuite> <!-- Surefire test -->
