<?xml version="1.0" encoding="UTF-8"?>
<!-- Generated by org.testng.reporters.JUnitXMLReporter -->
<testsuite ignored="0" hostname="Mohan-Thiyagarajan" failures="0" tests="2" name="Default test" time="33.876" errors="0" timestamp="2025-12-21T19:55:25 IST">
  <testcase classname="com.qa.pw.api.auth.BookingTest" name="@BeforeTest setup" time="33.752">
    <failure type="com.microsoft.playwright.TimeoutError" message="Error {
  message=&amp;apos;Timeout 30000ms exceeded.
  name=&amp;apos;TimeoutError
  stack=&amp;apos;TimeoutError: Timeout 30000ms exceeded.
    at ProgressController.run (C:\Users\PVHASINI\AppData\Local\Temp\playwright-java-12405344854825830007\package\lib\server\progress.js:68:28)
    at APIRequestContextDispatcher._runCommand (C:\Users\PVHASINI\AppData\Local\Temp\playwright-java-12405344854825830007\package\lib\server\dispatchers\dispatcher.js:95:31)
    at DispatcherConnection.dispatch (C:\Users\PVHASINI\AppData\Local\Temp\playwright-java-12405344854825830007\package\lib\server\dispatchers\dispatcher.js:329:39)
}
Call log:
-   - → POST https://restful-booker.herokuapp.com/auth
-     - user-agent: Playwright/1.56.1 (x64; windows 10.0) java/21
-     - accept: */*
-     - accept-encoding: gzip,deflate,br
-     - Content-Type: application/json
-     - content-length: 63
">
      <![CDATA[com.microsoft.playwright.TimeoutError: Error {
  message='Timeout 30000ms exceeded.
  name='TimeoutError
  stack='TimeoutError: Timeout 30000ms exceeded.
    at ProgressController.run (C:\Users\PVHASINI\AppData\Local\Temp\playwright-java-12405344854825830007\package\lib\server\progress.js:68:28)
    at APIRequestContextDispatcher._runCommand (C:\Users\PVHASINI\AppData\Local\Temp\playwright-java-12405344854825830007\package\lib\server\dispatchers\dispatcher.js:95:31)
    at DispatcherConnection.dispatch (C:\Users\PVHASINI\AppData\Local\Temp\playwright-java-12405344854825830007\package\lib\server\dispatchers\dispatcher.js:329:39)
}
Call log:
-   - → POST https://restful-booker.herokuapp.com/auth
-     - user-agent: Playwright/1.56.1 (x64; windows 10.0) java/21
-     - accept: */*
-     - accept-encoding: gzip,deflate,br
-     - Content-Type: application/json
-     - content-length: 63

at com.microsoft.playwright.impl.WaitableResult.get(WaitableResult.java:52)
at com.microsoft.playwright.impl.ChannelOwner.runUntil(ChannelOwner.java:138)
at com.microsoft.playwright.impl.Connection.sendMessage(Connection.java:131)
at com.microsoft.playwright.impl.ChannelOwner.sendMessage(ChannelOwner.java:124)
at com.microsoft.playwright.impl.APIRequestContextImpl.fetchImpl(APIRequestContextImpl.java:152)
at com.microsoft.playwright.impl.APIRequestContextImpl.fetch(APIRequestContextImpl.java:66)
at com.microsoft.playwright.impl.APIRequestContextImpl.post(APIRequestContextImpl.java:208)
at com.qa.pw.api.auth.BookingTest.setup(BookingTest.java:38)
at java.base/jdk.internal.reflect.DirectMethodHandleAccessor.invoke(DirectMethodHandleAccessor.java:103)
at java.base/java.lang.reflect.Method.invoke(Method.java:580)
at org.testng.internal.invokers.MethodInvocationHelper.invokeMethod(MethodInvocationHelper.java:141)
at org.testng.internal.invokers.MethodInvocationHelper.invokeMethodConsideringTimeout(MethodInvocationHelper.java:71)
at org.testng.internal.invokers.ConfigInvoker.invokeConfigurationMethod(ConfigInvoker.java:400)
at org.testng.internal.invokers.ConfigInvoker.invokeConfigurations(ConfigInvoker.java:333)
at org.testng.TestRunner.invokeTestConfigurations(TestRunner.java:657)
at org.testng.TestRunner.beforeRun(TestRunner.java:646)
at org.testng.TestRunner.run(TestRunner.java:612)
at org.testng.SuiteRunner.runTest(SuiteRunner.java:421)
at org.testng.SuiteRunner.runSequentially(SuiteRunner.java:413)
at org.testng.SuiteRunner.privateRun(SuiteRunner.java:373)
at org.testng.SuiteRunner.run(SuiteRunner.java:312)
at org.testng.SuiteRunnerWorker.runSuite(SuiteRunnerWorker.java:52)
at org.testng.SuiteRunnerWorker.run(SuiteRunnerWorker.java:95)
at org.testng.TestNG.runSuitesSequentially(TestNG.java:1274)
at org.testng.TestNG.runSuitesLocally(TestNG.java:1208)
at org.testng.TestNG.runSuites(TestNG.java:1112)
at org.testng.TestNG.run(TestNG.java:1079)
at org.testng.remote.AbstractRemoteTestNG.run(AbstractRemoteTestNG.java:115)
at org.testng.remote.RemoteTestNG.initAndRun(RemoteTestNG.java:293)
at org.testng.remote.RemoteTestNG.main(RemoteTestNG.java:91)
Caused by: com.microsoft.playwright.TimeoutError: Error {
  message='Timeout 30000ms exceeded.
  name='TimeoutError
  stack='TimeoutError: Timeout 30000ms exceeded.
    at ProgressController.run (C:\Users\PVHASINI\AppData\Local\Temp\playwright-java-12405344854825830007\package\lib\server\progress.js:68:28)
    at APIRequestContextDispatcher._runCommand (C:\Users\PVHASINI\AppData\Local\Temp\playwright-java-12405344854825830007\package\lib\server\dispatchers\dispatcher.js:95:31)
    at DispatcherConnection.dispatch (C:\Users\PVHASINI\AppData\Local\Temp\playwright-java-12405344854825830007\package\lib\server\dispatchers\dispatcher.js:329:39)
}
Call log:
-   - → POST https://restful-booker.herokuapp.com/auth
-     - user-agent: Playwright/1.56.1 (x64; windows 10.0) java/21
-     - accept: */*
-     - accept-encoding: gzip,deflate,br
-     - Content-Type: application/json
-     - content-length: 63

at com.microsoft.playwright.impl.Connection.dispatch(Connection.java:257)
at com.microsoft.playwright.impl.Connection.processOneMessage(Connection.java:214)
at com.microsoft.playwright.impl.ChannelOwner.runUntil(ChannelOwner.java:136)
... 28 more
]]>
    </failure>
  </testcase> <!-- @BeforeTest setup -->
  <testcase classname="com.qa.pw.api.auth.BookingTest" name="updateBookingTest" time="0.0">
    <skipped/>
  </testcase> <!-- updateBookingTest -->
  <testcase classname="com.qa.pw.api.auth.BookingTest" name="deleteBookingTest" time="0.001">
    <skipped/>
  </testcase> <!-- deleteBookingTest -->
</testsuite> <!-- Default test -->
