<?xml version="1.0" encoding="UTF-8"?>
<!-- Generated by org.testng.reporters.JUnitXMLReporter -->
<testsuite ignored="0" hostname="Mohan-Thiyagarajan" failures="0" tests="5" name="Home Page Test" time="9.885" errors="0" timestamp="2025-12-20T12:54:29 IST">
  <testcase classname="com.qa.opencart.base.BaseTest" name="@BeforeTest setup" time="9.702">
    <failure type="com.microsoft.playwright.PlaywrightException" message="Error {
  message=&amp;apos;Page crashed
  name=&amp;apos;Error
  stack=&amp;apos;Error:Page crashed
Error
    at captureRawStack (C:\Users\PVHASINI\AppData\Local\Temp\playwright-java-13215096773590562549\package\lib\utils\isomorphic\stackTrace.js:32:17)
    at LongStandingScope._race (C:\Users\PVHASINI\AppData\Local\Temp\playwright-java-13215096773590562549\package\lib\utils\isomorphic\manualPromise.js:87:58)
    at LongStandingScope.race (C:\Users\PVHASINI\AppData\Local\Temp\playwright-java-13215096773590562549\package\lib\utils\isomorphic\manualPromise.js:80:17)
    at C:\Users\PVHASINI\AppData\Local\Temp\playwright-java-13215096773590562549\package\lib\utils\isomorphic\manualPromise.js:77:45
    at Array.map (&amp;lt;anonymous&amp;gt;)
    at LongStandingScope.raceMultiple (C:\Users\PVHASINI\AppData\Local\Temp\playwright-java-13215096773590562549\package\lib\utils\isomorphic\manualPromise.js:77:32)
    at Frame.raceNavigationAction (C:\Users\PVHASINI\AppData\Local\Temp\playwright-java-13215096773590562549\package\lib\server\frames.js:475:43)
    at Frame.goto (C:\Users\PVHASINI\AppData\Local\Temp\playwright-java-13215096773590562549\package\lib\server\frames.js:500:17)
    at FrameDispatcher.goto (C:\Users\PVHASINI\AppData\Local\Temp\playwright-java-13215096773590562549\package\lib\server\dispatchers\frameDispatcher.js:70:132)
    at C:\Users\PVHASINI\AppData\Local\Temp\playwright-java-13215096773590562549\package\lib\server\dispatchers\dispatcher.js:95:61
    at ProgressController.run (C:\Users\PVHASINI\AppData\Local\Temp\playwright-java-13215096773590562549\package\lib\server\progress.js:78:28)
    at FrameDispatcher._runCommand (C:\Users\PVHASINI\AppData\Local\Temp\playwright-java-13215096773590562549\package\lib\server\dispatchers\dispatcher.js:95:31)
    at DispatcherConnection.dispatch (C:\Users\PVHASINI\AppData\Local\Temp\playwright-java-13215096773590562549\package\lib\server\dispatchers\dispatcher.js:329:39)
}
Call log:
-   - navigating to &amp;quot;https://naveenautomationlabs.com/opencart/&amp;quot;, waiting until &amp;quot;load&amp;quot;
">
      <![CDATA[com.microsoft.playwright.PlaywrightException: Error {
  message='Page crashed
  name='Error
  stack='Error:Page crashed
Error
    at captureRawStack (C:\Users\PVHASINI\AppData\Local\Temp\playwright-java-13215096773590562549\package\lib\utils\isomorphic\stackTrace.js:32:17)
    at LongStandingScope._race (C:\Users\PVHASINI\AppData\Local\Temp\playwright-java-13215096773590562549\package\lib\utils\isomorphic\manualPromise.js:87:58)
    at LongStandingScope.race (C:\Users\PVHASINI\AppData\Local\Temp\playwright-java-13215096773590562549\package\lib\utils\isomorphic\manualPromise.js:80:17)
    at C:\Users\PVHASINI\AppData\Local\Temp\playwright-java-13215096773590562549\package\lib\utils\isomorphic\manualPromise.js:77:45
    at Array.map (<anonymous>)
    at LongStandingScope.raceMultiple (C:\Users\PVHASINI\AppData\Local\Temp\playwright-java-13215096773590562549\package\lib\utils\isomorphic\manualPromise.js:77:32)
    at Frame.raceNavigationAction (C:\Users\PVHASINI\AppData\Local\Temp\playwright-java-13215096773590562549\package\lib\server\frames.js:475:43)
    at Frame.goto (C:\Users\PVHASINI\AppData\Local\Temp\playwright-java-13215096773590562549\package\lib\server\frames.js:500:17)
    at FrameDispatcher.goto (C:\Users\PVHASINI\AppData\Local\Temp\playwright-java-13215096773590562549\package\lib\server\dispatchers\frameDispatcher.js:70:132)
    at C:\Users\PVHASINI\AppData\Local\Temp\playwright-java-13215096773590562549\package\lib\server\dispatchers\dispatcher.js:95:61
    at ProgressController.run (C:\Users\PVHASINI\AppData\Local\Temp\playwright-java-13215096773590562549\package\lib\server\progress.js:78:28)
    at FrameDispatcher._runCommand (C:\Users\PVHASINI\AppData\Local\Temp\playwright-java-13215096773590562549\package\lib\server\dispatchers\dispatcher.js:95:31)
    at DispatcherConnection.dispatch (C:\Users\PVHASINI\AppData\Local\Temp\playwright-java-13215096773590562549\package\lib\server\dispatchers\dispatcher.js:329:39)
}
Call log:
-   - navigating to "https://naveenautomationlabs.com/opencart/", waiting until "load"

at com.microsoft.playwright.impl.WaitableResult.get(WaitableResult.java:56)
at com.microsoft.playwright.impl.ChannelOwner.runUntil(ChannelOwner.java:138)
at com.microsoft.playwright.impl.Connection.sendMessage(Connection.java:131)
at com.microsoft.playwright.impl.ChannelOwner.sendMessage(ChannelOwner.java:124)
at com.microsoft.playwright.impl.FrameImpl.navigateImpl(FrameImpl.java:419)
at com.microsoft.playwright.impl.PageImpl.navigate(PageImpl.java:930)
at com.microsoft.playwright.impl.PageImpl.navigate(PageImpl.java:43)
at com.microsoft.playwright.Page.navigate(Page.java:5491)
at com.qa.opencart.factory.PlaywrightFactory.initBrowser(PlaywrightFactory.java:72)
at com.qa.opencart.base.BaseTest.setup(BaseTest.java:27)
at java.base/jdk.internal.reflect.DirectMethodHandleAccessor.invoke(DirectMethodHandleAccessor.java:103)
at java.base/java.lang.reflect.Method.invoke(Method.java:580)
at org.testng.internal.invokers.MethodInvocationHelper.invokeMethod(MethodInvocationHelper.java:141)
at org.testng.internal.invokers.MethodInvocationHelper.invokeMethodConsideringTimeout(MethodInvocationHelper.java:71)
at org.testng.internal.invokers.ConfigInvoker.invokeConfigurationMethod(ConfigInvoker.java:400)
at org.testng.internal.invokers.ConfigInvoker.invokeConfigurations(ConfigInvoker.java:333)
at org.testng.TestRunner.invokeTestConfigurations(TestRunner.java:657)
at org.testng.TestRunner.beforeRun(TestRunner.java:646)
at org.testng.TestRunner.run(TestRunner.java:612)
at org.testng.SuiteRunner.runTest(SuiteRunner.java:421)
at org.testng.SuiteRunner$SuiteWorker.run(SuiteRunner.java:463)
at org.testng.internal.thread.ThreadUtil.lambda$execute$0(ThreadUtil.java:64)
at java.base/java.util.concurrent.FutureTask.run(FutureTask.java:317)
at java.base/java.util.concurrent.ThreadPoolExecutor.runWorker(ThreadPoolExecutor.java:1144)
at java.base/java.util.concurrent.ThreadPoolExecutor$Worker.run(ThreadPoolExecutor.java:642)
at java.base/java.lang.Thread.run(Thread.java:1583)
Caused by: com.microsoft.playwright.impl.DriverException: Error {
  message='Page crashed
  name='Error
  stack='Error:Page crashed
Error
    at captureRawStack (C:\Users\PVHASINI\AppData\Local\Temp\playwright-java-13215096773590562549\package\lib\utils\isomorphic\stackTrace.js:32:17)
    at LongStandingScope._race (C:\Users\PVHASINI\AppData\Local\Temp\playwright-java-13215096773590562549\package\lib\utils\isomorphic\manualPromise.js:87:58)
    at LongStandingScope.race (C:\Users\PVHASINI\AppData\Local\Temp\playwright-java-13215096773590562549\package\lib\utils\isomorphic\manualPromise.js:80:17)
    at C:\Users\PVHASINI\AppData\Local\Temp\playwright-java-13215096773590562549\package\lib\utils\isomorphic\manualPromise.js:77:45
    at Array.map (<anonymous>)
    at LongStandingScope.raceMultiple (C:\Users\PVHASINI\AppData\Local\Temp\playwright-java-13215096773590562549\package\lib\utils\isomorphic\manualPromise.js:77:32)
    at Frame.raceNavigationAction (C:\Users\PVHASINI\AppData\Local\Temp\playwright-java-13215096773590562549\package\lib\server\frames.js:475:43)
    at Frame.goto (C:\Users\PVHASINI\AppData\Local\Temp\playwright-java-13215096773590562549\package\lib\server\frames.js:500:17)
    at FrameDispatcher.goto (C:\Users\PVHASINI\AppData\Local\Temp\playwright-java-13215096773590562549\package\lib\server\dispatchers\frameDispatcher.js:70:132)
    at C:\Users\PVHASINI\AppData\Local\Temp\playwright-java-13215096773590562549\package\lib\server\dispatchers\dispatcher.js:95:61
    at ProgressController.run (C:\Users\PVHASINI\AppData\Local\Temp\playwright-java-13215096773590562549\package\lib\server\progress.js:78:28)
    at FrameDispatcher._runCommand (C:\Users\PVHASINI\AppData\Local\Temp\playwright-java-13215096773590562549\package\lib\server\dispatchers\dispatcher.js:95:31)
    at DispatcherConnection.dispatch (C:\Users\PVHASINI\AppData\Local\Temp\playwright-java-13215096773590562549\package\lib\server\dispatchers\dispatcher.js:329:39)
}
Call log:
-   - navigating to "https://naveenautomationlabs.com/opencart/", waiting until "load"

at com.microsoft.playwright.impl.Connection.dispatch(Connection.java:262)
at com.microsoft.playwright.impl.Connection.processOneMessage(Connection.java:214)
at com.microsoft.playwright.impl.ChannelOwner.runUntil(ChannelOwner.java:136)
... 24 more
]]>
    </failure>
  </testcase> <!-- @BeforeTest setup -->
  <testcase classname="com.qa.opencart.base.BaseTest" name="@AfterTest tearDown" time="0.0">
    <skipped/>
  </testcase> <!-- @AfterTest tearDown -->
  <testcase classname="com.qa.opencart.tests.HomePageTest" name="homePageTitleTest" time="0.0">
    <skipped/>
  </testcase> <!-- homePageTitleTest -->
  <testcase classname="com.qa.opencart.tests.HomePageTest" name="getHomePageURLTest" time="0.0">
    <skipped/>
  </testcase> <!-- getHomePageURLTest -->
  <testcase classname="com.qa.opencart.tests.HomePageTest" name="searchTest" time="0.0">
    <skipped/>
  </testcase> <!-- searchTest -->
  <testcase classname="com.qa.opencart.tests.HomePageTest" name="searchTest" time="0.0">
    <skipped/>
  </testcase> <!-- searchTest -->
  <testcase classname="com.qa.opencart.tests.HomePageTest" name="searchTest" time="0.0">
    <skipped/>
  </testcase> <!-- searchTest -->
</testsuite> <!-- Home Page Test -->
