<html>
<head>
<title>TestNG:  Home Page Test</title>
<link href="../testng.css" rel="stylesheet" type="text/css" />
<link href="../my-testng.css" rel="stylesheet" type="text/css" />

<style type="text/css">
.log { display: none;} 
.stack-trace { display: none;} 
</style>
<script type="text/javascript">
<!--
function flip(e) {
  current = e.style.display;
  if (current == 'block') {
    e.style.display = 'none';
    return 0;
  }
  else {
    e.style.display = 'block';
    return 1;
  }
}

function toggleBox(szDivId, elem, msg1, msg2)
{
  var res = -1;  if (document.getElementById) {
    res = flip(document.getElementById(szDivId));
  }
  else if (document.all) {
    // this is the way old msie versions work
    res = flip(document.all[szDivId]);
  }
  if(elem) {
    if(res == 0) elem.innerHTML = msg1; else elem.innerHTML = msg2;
  }

}

function toggleAllBoxes() {
  if (document.getElementsByTagName) {
    d = document.getElementsByTagName('div');
    for (i = 0; i < d.length; i++) {
      if (d[i].className == 'log') {
        flip(d[i]);
      }
    }
  }
}

// -->
</script>

</head>
<body>
<h2 align='center'>Home Page Test</h2><table border='1' align="center">
<tr>
<td>Tests passed/Failed/Skipped:</td><td>0/0/5</td>
</tr><tr>
<td>Started on:</td><td>Sat Dec 20 12:54:19 IST 2025</td>
</tr>
<tr><td>Total time:</td><td>9 seconds (9885 ms)</td>
</tr><tr>
<td>Included groups:</td><td></td>
</tr><tr>
<td>Excluded groups:</td><td></td>
</tr>
</table><p/>
<small><i>(Hover the method name to see the test class name)</i></small><p/>
<table width='100%' border='1' class='invocation-failed'>
<tr><td colspan='4' align='center'><b>FAILED CONFIGURATIONS</b></td></tr>
<tr><td><b>Test method</b></td>
<td><b>Attribute(s)</b></td>
<td width="30%"><b>Exception</b></td>
<td width="10%"><b>Time (seconds)</b></td>
<td><b>Instance</b></td>
</tr>
<tr>
<td title='com.qa.opencart.tests.HomePageTest.setup()'><b>setup</b><br>Test class: com.qa.opencart.tests.HomePageTest</td>
<td><div><pre>com.microsoft.playwright.PlaywrightException: Error {
  message=&apos;Page crashed
  name=&apos;Error
  stack=&apos;Error:Page crashed
Error
    at captureRawStack (C:\Users\PVHASINI\AppData\Local\Temp\playwright-java-13215096773590562549\package\lib\utils\isomorphic\stackTrace.js:32:17)
    at LongStandingScope._race (C:\Users\PVHASINI\AppData\Local\Temp\playwright-java-13215096773590562549\package\lib\utils\isomorphic\manualPromise.js:87:58)
    at LongStandingScope.race (C:\Users\PVHASINI\AppData\Local\Temp\playwright-java-13215096773590562549\package\lib\utils\isomorphic\manualPromise.js:80:17)
    at C:\Users\PVHASINI\AppData\Local\Temp\playwright-java-13215096773590562549\package\lib\utils\isomorphic\manualPromise.js:77:45
    at Array.map (&lt;anonymous&gt;)
    at LongStandingScope.raceMultiple (C:\Users\PVHASINI\AppData\Local\Temp\playwright-java-13215096773590562549\package\lib\utils\isomorphic\manualPromise.js:77:32)
    at Frame.raceNavigationAction (C:\Users\PVHASINI\AppData\Local\Temp\playwright-java-13215096773590562549\package\lib\server\frames.js:475:43)
    at Frame.goto (C:\Users\PVHASINI\AppData\Local\Temp\playwright-java-13215096773590562549\package\lib\server\frames.js:500:17)
    at FrameDispatcher.goto (C:\Users\PVHASINI\AppData\Local\Temp\playwright-java-13215096773590562549\package\lib\server\dispatchers\frameDispatcher.js:70:132)
    at C:\Users\PVHASINI\AppData\Local\Temp\playwright-java-13215096773590562549\package\lib\server\dispatchers\dispatcher.js:95:61
    at ProgressController.run (C:\Users\PVHASINI\AppData\Local\Temp\playwright-java-13215096773590562549\package\lib\server\progress.js:78:28)
    at FrameDispatcher._runCommand (C:\Users\PVHASINI\AppData\Local\Temp\playwright-java-13215096773590562549\package\lib\server\dispatchers\dispatcher.js:95:31)
    at DispatcherConnection.dispatch (C:\Users\PVHASINI\AppData\Local\Temp\playwright-java-13215096773590562549\package\lib\server\dispatchers\dispatcher.js:329:39)
}
Call log:
-   - navigating to &quot;https://naveenautomationlabs.com/opencart/&quot;, waiting until &quot;load&quot;

	at com.microsoft.playwright.impl.WaitableResult.get(WaitableResult.java:56)
	at com.microsoft.playwright.impl.ChannelOwner.runUntil(ChannelOwner.java:138)
	at com.microsoft.playwright.impl.Connection.sendMessage(Connection.java:131)
	at com.microsoft.playwright.impl.ChannelOwner.sendMessage(ChannelOwner.java:124)
	at com.microsoft.playwright.impl.FrameImpl.navigateImpl(FrameImpl.java:419)
	at com.microsoft.playwright.impl.PageImpl.navigate(PageImpl.java:930)
	at com.microsoft.playwright.impl.PageImpl.navigate(PageImpl.java:43)
	at com.microsoft.playwright.Page.navigate(Page.java:5491)
	at com.qa.opencart.factory.PlaywrightFactory.initBrowser(PlaywrightFactory.java:72)
	at com.qa.opencart.base.BaseTest.setup(BaseTest.java:27)
	at java.base/jdk.internal.reflect.DirectMethodHandleAccessor.invoke(DirectMethodHandleAccessor.java:103)
	at java.base/java.lang.reflect.Method.invoke(Method.java:580)
	at org.testng.internal.invokers.MethodInvocationHelper.invokeMethod(MethodInvocationHelper.java:141)
	at org.testng.internal.invokers.MethodInvocationHelper.invokeMethodConsideringTimeout(MethodInvocationHelper.java:71)
	at org.testng.internal.invokers.ConfigInvoker.invokeConfigurationMethod(ConfigInvoker.java:400)
	at org.testng.internal.invokers.ConfigInvoker.invokeConfigurations(ConfigInvoker.java:333)
	at org.testng.TestRunner.invokeTestConfigurations(TestRunner.java:657)
	at org.testng.TestRunner.beforeRun(TestRunner.java:646)
	at org.testng.TestRunner.run(TestRunner.java:612)
	at org.testng.SuiteRunner.runTest(SuiteRunner.java:421)
	at org.testng.SuiteRunner$SuiteWorker.run(SuiteRunner.java:463)
	at org.testng.internal.thread.ThreadUtil.lambda$execute$0(ThreadUtil.java:64)
	at java.base/java.util.concurrent.FutureTask.run(FutureTask.java:317)
	at java.base/java.util.concurrent.ThreadPoolExecutor.runWorker(ThreadPoolExecutor.java:1144)
	at java.base/java.util.concurrent.ThreadPoolExecutor$Worker.run(ThreadPoolExecutor.java:642)
	at java.base/java.lang.Thread.run(Thread.java:1583)
Caused by: com.microsoft.playwright.impl.DriverException: Error {
  message=&apos;Page crashed
  name=&apos;Error
  stack=&apos;Error:Page crashed
Error
    at captureRawStack (C:\Users\PVHASINI\AppData\Local\Temp\playwright-java-13215096773590562549\package\lib\utils\isomorphic\stackTrace.js:32:17)
    at LongStandingScope._race (C:\Users\PVHASINI\AppData\Local\Temp\playwright-java-13215096773590562549\package\lib\utils\isomorphic\manualPromise.js:87:58)
    at LongStandingScope.race (C:\Users\PVHASINI\AppData\Local\Temp\playwright-java-13215096773590562549\package\lib\utils\isomorphic\manualPromise.js:80:17)
    at C:\Users\PVHASINI\AppData\Local\Temp\playwright-java-13215096773590562549\package\lib\utils\isomorphic\manualPromise.js:77:45
    at Array.map (&lt;anonymous&gt;)
    at LongStandingScope.raceMultiple (C:\Users\PVHASINI\AppData\Local\Temp\playwright-java-13215096773590562549\package\lib\utils\isomorphic\manualPromise.js:77:32)
    at Frame.raceNavigationAction (C:\Users\PVHASINI\AppData\Local\Temp\playwright-java-13215096773590562549\package\lib\server\frames.js:475:43)
    at Frame.goto (C:\Users\PVHASINI\AppData\Local\Temp\playwright-java-13215096773590562549\package\lib\server\frames.js:500:17)
    at FrameDispatcher.goto (C:\Users\PVHASINI\AppData\Local\Temp\playwright-java-13215096773590562549\package\lib\server\dispatchers\frameDispatcher.js:70:132)
    at C:\Users\PVHASINI\AppData\Local\Temp\playwright-java-13215096773590562549\package\lib\server\dispatchers\dispatcher.js:95:61
    at ProgressController.run (C:\Users\PVHASINI\AppData\Local\Temp\playwright-java-13215096773590562549\package\lib\server\progress.js:78:28)
    at FrameDispatcher._runCommand (C:\Users\PVHASINI\AppData\Local\Temp\playwright-java-13215096773590562549\package\lib\server\dispatchers\dispatcher.js:95:31)
    at DispatcherConnection.dispatch (C:\Users\PVHASINI\AppData\Local\Temp\playwright-java-13215096773590562549\package\lib\server\dispatchers\dispatcher.js:329:39)
}
Call log:
-   - navigating to &quot;https://naveenautomationlabs.com/opencart/&quot;, waiting until &quot;load&quot;

	at com.microsoft.playwright.impl.Connection.dispatch(Connection.java:262)
	at com.microsoft.playwright.impl.Connection.processOneMessage(Connection.java:214)
	at com.microsoft.playwright.impl.ChannelOwner.runUntil(ChannelOwner.java:136)
	... 24 more
</pre></div><a href='#' onClick='toggleBox("stack-trace708366627", this, "Click to show all stack frames", "Click to hide stack frames")'>Click to show all stack frames</a>
<div class='stack-trace' id='stack-trace708366627'><pre>com.microsoft.playwright.PlaywrightException: Error {
  message=&apos;Page crashed
  name=&apos;Error
  stack=&apos;Error:Page crashed
Error
    at captureRawStack (C:\Users\PVHASINI\AppData\Local\Temp\playwright-java-13215096773590562549\package\lib\utils\isomorphic\stackTrace.js:32:17)
    at LongStandingScope._race (C:\Users\PVHASINI\AppData\Local\Temp\playwright-java-13215096773590562549\package\lib\utils\isomorphic\manualPromise.js:87:58)
    at LongStandingScope.race (C:\Users\PVHASINI\AppData\Local\Temp\playwright-java-13215096773590562549\package\lib\utils\isomorphic\manualPromise.js:80:17)
    at C:\Users\PVHASINI\AppData\Local\Temp\playwright-java-13215096773590562549\package\lib\utils\isomorphic\manualPromise.js:77:45
    at Array.map (&lt;anonymous&gt;)
    at LongStandingScope.raceMultiple (C:\Users\PVHASINI\AppData\Local\Temp\playwright-java-13215096773590562549\package\lib\utils\isomorphic\manualPromise.js:77:32)
    at Frame.raceNavigationAction (C:\Users\PVHASINI\AppData\Local\Temp\playwright-java-13215096773590562549\package\lib\server\frames.js:475:43)
    at Frame.goto (C:\Users\PVHASINI\AppData\Local\Temp\playwright-java-13215096773590562549\package\lib\server\frames.js:500:17)
    at FrameDispatcher.goto (C:\Users\PVHASINI\AppData\Local\Temp\playwright-java-13215096773590562549\package\lib\server\dispatchers\frameDispatcher.js:70:132)
    at C:\Users\PVHASINI\AppData\Local\Temp\playwright-java-13215096773590562549\package\lib\server\dispatchers\dispatcher.js:95:61
    at ProgressController.run (C:\Users\PVHASINI\AppData\Local\Temp\playwright-java-13215096773590562549\package\lib\server\progress.js:78:28)
    at FrameDispatcher._runCommand (C:\Users\PVHASINI\AppData\Local\Temp\playwright-java-13215096773590562549\package\lib\server\dispatchers\dispatcher.js:95:31)
    at DispatcherConnection.dispatch (C:\Users\PVHASINI\AppData\Local\Temp\playwright-java-13215096773590562549\package\lib\server\dispatchers\dispatcher.js:329:39)
}
Call log:
-   - navigating to &quot;https://naveenautomationlabs.com/opencart/&quot;, waiting until &quot;load&quot;

	at com.microsoft.playwright.impl.WaitableResult.get(WaitableResult.java:56)
	at com.microsoft.playwright.impl.ChannelOwner.runUntil(ChannelOwner.java:138)
	at com.microsoft.playwright.impl.Connection.sendMessage(Connection.java:131)
	at com.microsoft.playwright.impl.ChannelOwner.sendMessage(ChannelOwner.java:124)
	at com.microsoft.playwright.impl.FrameImpl.navigateImpl(FrameImpl.java:419)
	at com.microsoft.playwright.impl.PageImpl.navigate(PageImpl.java:930)
	at com.microsoft.playwright.impl.PageImpl.navigate(PageImpl.java:43)
	at com.microsoft.playwright.Page.navigate(Page.java:5491)
	at com.qa.opencart.factory.PlaywrightFactory.initBrowser(PlaywrightFactory.java:72)
	at com.qa.opencart.base.BaseTest.setup(BaseTest.java:27)
	at java.base/jdk.internal.reflect.DirectMethodHandleAccessor.invoke(DirectMethodHandleAccessor.java:103)
	at java.base/java.lang.reflect.Method.invoke(Method.java:580)
	at org.testng.internal.invokers.MethodInvocationHelper.invokeMethod(MethodInvocationHelper.java:141)
	at org.testng.internal.invokers.MethodInvocationHelper.invokeMethodConsideringTimeout(MethodInvocationHelper.java:71)
	at org.testng.internal.invokers.ConfigInvoker.invokeConfigurationMethod(ConfigInvoker.java:400)
	at org.testng.internal.invokers.ConfigInvoker.invokeConfigurations(ConfigInvoker.java:333)
	at org.testng.TestRunner.invokeTestConfigurations(TestRunner.java:657)
	at org.testng.TestRunner.beforeRun(TestRunner.java:646)
	at org.testng.TestRunner.run(TestRunner.java:612)
	at org.testng.SuiteRunner.runTest(SuiteRunner.java:421)
	at org.testng.SuiteRunner$SuiteWorker.run(SuiteRunner.java:463)
	at org.testng.internal.thread.ThreadUtil.lambda$execute$0(ThreadUtil.java:64)
	at java.base/java.util.concurrent.FutureTask.run(FutureTask.java:317)
	at java.base/java.util.concurrent.ThreadPoolExecutor.runWorker(ThreadPoolExecutor.java:1144)
	at java.base/java.util.concurrent.ThreadPoolExecutor$Worker.run(ThreadPoolExecutor.java:642)
	at java.base/java.lang.Thread.run(Thread.java:1583)
Caused by: com.microsoft.playwright.impl.DriverException: Error {
  message=&apos;Page crashed
  name=&apos;Error
  stack=&apos;Error:Page crashed
Error
    at captureRawStack (C:\Users\PVHASINI\AppData\Local\Temp\playwright-java-13215096773590562549\package\lib\utils\isomorphic\stackTrace.js:32:17)
    at LongStandingScope._race (C:\Users\PVHASINI\AppData\Local\Temp\playwright-java-13215096773590562549\package\lib\utils\isomorphic\manualPromise.js:87:58)
    at LongStandingScope.race (C:\Users\PVHASINI\AppData\Local\Temp\playwright-java-13215096773590562549\package\lib\utils\isomorphic\manualPromise.js:80:17)
    at C:\Users\PVHASINI\AppData\Local\Temp\playwright-java-13215096773590562549\package\lib\utils\isomorphic\manualPromise.js:77:45
    at Array.map (&lt;anonymous&gt;)
    at LongStandingScope.raceMultiple (C:\Users\PVHASINI\AppData\Local\Temp\playwright-java-13215096773590562549\package\lib\utils\isomorphic\manualPromise.js:77:32)
    at Frame.raceNavigationAction (C:\Users\PVHASINI\AppData\Local\Temp\playwright-java-13215096773590562549\package\lib\server\frames.js:475:43)
    at Frame.goto (C:\Users\PVHASINI\AppData\Local\Temp\playwright-java-13215096773590562549\package\lib\server\frames.js:500:17)
    at FrameDispatcher.goto (C:\Users\PVHASINI\AppData\Local\Temp\playwright-java-13215096773590562549\package\lib\server\dispatchers\frameDispatcher.js:70:132)
    at C:\Users\PVHASINI\AppData\Local\Temp\playwright-java-13215096773590562549\package\lib\server\dispatchers\dispatcher.js:95:61
    at ProgressController.run (C:\Users\PVHASINI\AppData\Local\Temp\playwright-java-13215096773590562549\package\lib\server\progress.js:78:28)
    at FrameDispatcher._runCommand (C:\Users\PVHASINI\AppData\Local\Temp\playwright-java-13215096773590562549\package\lib\server\dispatchers\dispatcher.js:95:31)
    at DispatcherConnection.dispatch (C:\Users\PVHASINI\AppData\Local\Temp\playwright-java-13215096773590562549\package\lib\server\dispatchers\dispatcher.js:329:39)
}
Call log:
-   - navigating to &quot;https://naveenautomationlabs.com/opencart/&quot;, waiting until &quot;load&quot;

	at com.microsoft.playwright.impl.Connection.dispatch(Connection.java:262)
	at com.microsoft.playwright.impl.Connection.processOneMessage(Connection.java:214)
	at com.microsoft.playwright.impl.ChannelOwner.runUntil(ChannelOwner.java:136)
	... 24 more
</pre></div></td>
<td>9</td>
<td>com.qa.opencart.tests.HomePageTest@5e0e82ae</td></tr>
</table><p>
<table width='100%' border='1' class='invocation-skipped'>
<tr><td colspan='4' align='center'><b>SKIPPED CONFIGURATIONS</b></td></tr>
<tr><td><b>Test method</b></td>
<td><b>Attribute(s)</b></td>
<td width="30%"><b>Exception</b></td>
<td width="10%"><b>Time (seconds)</b></td>
<td><b>Instance</b></td>
</tr>
<tr>
<td title='com.qa.opencart.tests.HomePageTest.tearDown()'><b>tearDown</b><br>Test class: com.qa.opencart.tests.HomePageTest</td>
<td></td>
<td>0</td>
<td>com.qa.opencart.tests.HomePageTest@5e0e82ae</td></tr>
</table><p>
<table width='100%' border='1' class='invocation-skipped'>
<tr><td colspan='4' align='center'><b>SKIPPED TESTS</b></td></tr>
<tr><td><b>Test method</b></td>
<td><b>Attribute(s)</b></td>
<td width="30%"><b>Exception</b></td>
<td width="10%"><b>Time (seconds)</b></td>
<td><b>Instance</b></td>
</tr>
<tr>
<td title='com.qa.opencart.tests.HomePageTest.homePageTitleTest()'><b>homePageTitleTest</b><br>Test class: com.qa.opencart.tests.HomePageTest</td>
<td><div><pre>com.microsoft.playwright.PlaywrightException: Error {
  message=&apos;Page crashed
  name=&apos;Error
  stack=&apos;Error:Page crashed
Error
    at captureRawStack (C:\Users\PVHASINI\AppData\Local\Temp\playwright-java-13215096773590562549\package\lib\utils\isomorphic\stackTrace.js:32:17)
    at LongStandingScope._race (C:\Users\PVHASINI\AppData\Local\Temp\playwright-java-13215096773590562549\package\lib\utils\isomorphic\manualPromise.js:87:58)
    at LongStandingScope.race (C:\Users\PVHASINI\AppData\Local\Temp\playwright-java-13215096773590562549\package\lib\utils\isomorphic\manualPromise.js:80:17)
    at C:\Users\PVHASINI\AppData\Local\Temp\playwright-java-13215096773590562549\package\lib\utils\isomorphic\manualPromise.js:77:45
    at Array.map (&lt;anonymous&gt;)
    at LongStandingScope.raceMultiple (C:\Users\PVHASINI\AppData\Local\Temp\playwright-java-13215096773590562549\package\lib\utils\isomorphic\manualPromise.js:77:32)
    at Frame.raceNavigationAction (C:\Users\PVHASINI\AppData\Local\Temp\playwright-java-13215096773590562549\package\lib\server\frames.js:475:43)
    at Frame.goto (C:\Users\PVHASINI\AppData\Local\Temp\playwright-java-13215096773590562549\package\lib\server\frames.js:500:17)
    at FrameDispatcher.goto (C:\Users\PVHASINI\AppData\Local\Temp\playwright-java-13215096773590562549\package\lib\server\dispatchers\frameDispatcher.js:70:132)
    at C:\Users\PVHASINI\AppData\Local\Temp\playwright-java-13215096773590562549\package\lib\server\dispatchers\dispatcher.js:95:61
    at ProgressController.run (C:\Users\PVHASINI\AppData\Local\Temp\playwright-java-13215096773590562549\package\lib\server\progress.js:78:28)
    at FrameDispatcher._runCommand (C:\Users\PVHASINI\AppData\Local\Temp\playwright-java-13215096773590562549\package\lib\server\dispatchers\dispatcher.js:95:31)
    at DispatcherConnection.dispatch (C:\Users\PVHASINI\AppData\Local\Temp\playwright-java-13215096773590562549\package\lib\server\dispatchers\dispatcher.js:329:39)
}
Call log:
-   - navigating to &quot;https://naveenautomationlabs.com/opencart/&quot;, waiting until &quot;load&quot;

	at com.microsoft.playwright.impl.WaitableResult.get(WaitableResult.java:56)
	at com.microsoft.playwright.impl.ChannelOwner.runUntil(ChannelOwner.java:138)
	at com.microsoft.playwright.impl.Connection.sendMessage(Connection.java:131)
	at com.microsoft.playwright.impl.ChannelOwner.sendMessage(ChannelOwner.java:124)
	at com.microsoft.playwright.impl.FrameImpl.navigateImpl(FrameImpl.java:419)
	at com.microsoft.playwright.impl.PageImpl.navigate(PageImpl.java:930)
	at com.microsoft.playwright.impl.PageImpl.navigate(PageImpl.java:43)
	at com.microsoft.playwright.Page.navigate(Page.java:5491)
	at com.qa.opencart.factory.PlaywrightFactory.initBrowser(PlaywrightFactory.java:72)
	at com.qa.opencart.base.BaseTest.setup(BaseTest.java:27)
	at java.base/jdk.internal.reflect.DirectMethodHandleAccessor.invoke(DirectMethodHandleAccessor.java:103)
	at java.base/java.lang.reflect.Method.invoke(Method.java:580)
	at org.testng.internal.invokers.MethodInvocationHelper.invokeMethod(MethodInvocationHelper.java:141)
	at org.testng.internal.invokers.MethodInvocationHelper.invokeMethodConsideringTimeout(MethodInvocationHelper.java:71)
	at org.testng.internal.invokers.ConfigInvoker.invokeConfigurationMethod(ConfigInvoker.java:400)
	at org.testng.internal.invokers.ConfigInvoker.invokeConfigurations(ConfigInvoker.java:333)
	at org.testng.TestRunner.invokeTestConfigurations(TestRunner.java:657)
	at org.testng.TestRunner.beforeRun(TestRunner.java:646)
	at org.testng.TestRunner.run(TestRunner.java:612)
	at org.testng.SuiteRunner.runTest(SuiteRunner.java:421)
	at org.testng.SuiteRunner$SuiteWorker.run(SuiteRunner.java:463)
	at org.testng.internal.thread.ThreadUtil.lambda$execute$0(ThreadUtil.java:64)
	at java.base/java.util.concurrent.FutureTask.run(FutureTask.java:317)
	at java.base/java.util.concurrent.ThreadPoolExecutor.runWorker(ThreadPoolExecutor.java:1144)
	at java.base/java.util.concurrent.ThreadPoolExecutor$Worker.run(ThreadPoolExecutor.java:642)
	at java.base/java.lang.Thread.run(Thread.java:1583)
Caused by: com.microsoft.playwright.impl.DriverException: Error {
  message=&apos;Page crashed
  name=&apos;Error
  stack=&apos;Error:Page crashed
Error
    at captureRawStack (C:\Users\PVHASINI\AppData\Local\Temp\playwright-java-13215096773590562549\package\lib\utils\isomorphic\stackTrace.js:32:17)
    at LongStandingScope._race (C:\Users\PVHASINI\AppData\Local\Temp\playwright-java-13215096773590562549\package\lib\utils\isomorphic\manualPromise.js:87:58)
    at LongStandingScope.race (C:\Users\PVHASINI\AppData\Local\Temp\playwright-java-13215096773590562549\package\lib\utils\isomorphic\manualPromise.js:80:17)
    at C:\Users\PVHASINI\AppData\Local\Temp\playwright-java-13215096773590562549\package\lib\utils\isomorphic\manualPromise.js:77:45
    at Array.map (&lt;anonymous&gt;)
    at LongStandingScope.raceMultiple (C:\Users\PVHASINI\AppData\Local\Temp\playwright-java-13215096773590562549\package\lib\utils\isomorphic\manualPromise.js:77:32)
    at Frame.raceNavigationAction (C:\Users\PVHASINI\AppData\Local\Temp\playwright-java-13215096773590562549\package\lib\server\frames.js:475:43)
    at Frame.goto (C:\Users\PVHASINI\AppData\Local\Temp\playwright-java-13215096773590562549\package\lib\server\frames.js:500:17)
    at FrameDispatcher.goto (C:\Users\PVHASINI\AppData\Local\Temp\playwright-java-13215096773590562549\package\lib\server\dispatchers\frameDispatcher.js:70:132)
    at C:\Users\PVHASINI\AppData\Local\Temp\playwright-java-13215096773590562549\package\lib\server\dispatchers\dispatcher.js:95:61
    at ProgressController.run (C:\Users\PVHASINI\AppData\Local\Temp\playwright-java-13215096773590562549\package\lib\server\progress.js:78:28)
    at FrameDispatcher._runCommand (C:\Users\PVHASINI\AppData\Local\Temp\playwright-java-13215096773590562549\package\lib\server\dispatchers\dispatcher.js:95:31)
    at DispatcherConnection.dispatch (C:\Users\PVHASINI\AppData\Local\Temp\playwright-java-13215096773590562549\package\lib\server\dispatchers\dispatcher.js:329:39)
}
Call log:
-   - navigating to &quot;https://naveenautomationlabs.com/opencart/&quot;, waiting until &quot;load&quot;

	at com.microsoft.playwright.impl.Connection.dispatch(Connection.java:262)
	at com.microsoft.playwright.impl.Connection.processOneMessage(Connection.java:214)
	at com.microsoft.playwright.impl.ChannelOwner.runUntil(ChannelOwner.java:136)
	... 24 more
</pre></div><a href='#' onClick='toggleBox("stack-trace810122249", this, "Click to show all stack frames", "Click to hide stack frames")'>Click to show all stack frames</a>
<div class='stack-trace' id='stack-trace810122249'><pre>com.microsoft.playwright.PlaywrightException: Error {
  message=&apos;Page crashed
  name=&apos;Error
  stack=&apos;Error:Page crashed
Error
    at captureRawStack (C:\Users\PVHASINI\AppData\Local\Temp\playwright-java-13215096773590562549\package\lib\utils\isomorphic\stackTrace.js:32:17)
    at LongStandingScope._race (C:\Users\PVHASINI\AppData\Local\Temp\playwright-java-13215096773590562549\package\lib\utils\isomorphic\manualPromise.js:87:58)
    at LongStandingScope.race (C:\Users\PVHASINI\AppData\Local\Temp\playwright-java-13215096773590562549\package\lib\utils\isomorphic\manualPromise.js:80:17)
    at C:\Users\PVHASINI\AppData\Local\Temp\playwright-java-13215096773590562549\package\lib\utils\isomorphic\manualPromise.js:77:45
    at Array.map (&lt;anonymous&gt;)
    at LongStandingScope.raceMultiple (C:\Users\PVHASINI\AppData\Local\Temp\playwright-java-13215096773590562549\package\lib\utils\isomorphic\manualPromise.js:77:32)
    at Frame.raceNavigationAction (C:\Users\PVHASINI\AppData\Local\Temp\playwright-java-13215096773590562549\package\lib\server\frames.js:475:43)
    at Frame.goto (C:\Users\PVHASINI\AppData\Local\Temp\playwright-java-13215096773590562549\package\lib\server\frames.js:500:17)
    at FrameDispatcher.goto (C:\Users\PVHASINI\AppData\Local\Temp\playwright-java-13215096773590562549\package\lib\server\dispatchers\frameDispatcher.js:70:132)
    at C:\Users\PVHASINI\AppData\Local\Temp\playwright-java-13215096773590562549\package\lib\server\dispatchers\dispatcher.js:95:61
    at ProgressController.run (C:\Users\PVHASINI\AppData\Local\Temp\playwright-java-13215096773590562549\package\lib\server\progress.js:78:28)
    at FrameDispatcher._runCommand (C:\Users\PVHASINI\AppData\Local\Temp\playwright-java-13215096773590562549\package\lib\server\dispatchers\dispatcher.js:95:31)
    at DispatcherConnection.dispatch (C:\Users\PVHASINI\AppData\Local\Temp\playwright-java-13215096773590562549\package\lib\server\dispatchers\dispatcher.js:329:39)
}
Call log:
-   - navigating to &quot;https://naveenautomationlabs.com/opencart/&quot;, waiting until &quot;load&quot;

	at com.microsoft.playwright.impl.WaitableResult.get(WaitableResult.java:56)
	at com.microsoft.playwright.impl.ChannelOwner.runUntil(ChannelOwner.java:138)
	at com.microsoft.playwright.impl.Connection.sendMessage(Connection.java:131)
	at com.microsoft.playwright.impl.ChannelOwner.sendMessage(ChannelOwner.java:124)
	at com.microsoft.playwright.impl.FrameImpl.navigateImpl(FrameImpl.java:419)
	at com.microsoft.playwright.impl.PageImpl.navigate(PageImpl.java:930)
	at com.microsoft.playwright.impl.PageImpl.navigate(PageImpl.java:43)
	at com.microsoft.playwright.Page.navigate(Page.java:5491)
	at com.qa.opencart.factory.PlaywrightFactory.initBrowser(PlaywrightFactory.java:72)
	at com.qa.opencart.base.BaseTest.setup(BaseTest.java:27)
	at java.base/jdk.internal.reflect.DirectMethodHandleAccessor.invoke(DirectMethodHandleAccessor.java:103)
	at java.base/java.lang.reflect.Method.invoke(Method.java:580)
	at org.testng.internal.invokers.MethodInvocationHelper.invokeMethod(MethodInvocationHelper.java:141)
	at org.testng.internal.invokers.MethodInvocationHelper.invokeMethodConsideringTimeout(MethodInvocationHelper.java:71)
	at org.testng.internal.invokers.ConfigInvoker.invokeConfigurationMethod(ConfigInvoker.java:400)
	at org.testng.internal.invokers.ConfigInvoker.invokeConfigurations(ConfigInvoker.java:333)
	at org.testng.TestRunner.invokeTestConfigurations(TestRunner.java:657)
	at org.testng.TestRunner.beforeRun(TestRunner.java:646)
	at org.testng.TestRunner.run(TestRunner.java:612)
	at org.testng.SuiteRunner.runTest(SuiteRunner.java:421)
	at org.testng.SuiteRunner$SuiteWorker.run(SuiteRunner.java:463)
	at org.testng.internal.thread.ThreadUtil.lambda$execute$0(ThreadUtil.java:64)
	at java.base/java.util.concurrent.FutureTask.run(FutureTask.java:317)
	at java.base/java.util.concurrent.ThreadPoolExecutor.runWorker(ThreadPoolExecutor.java:1144)
	at java.base/java.util.concurrent.ThreadPoolExecutor$Worker.run(ThreadPoolExecutor.java:642)
	at java.base/java.lang.Thread.run(Thread.java:1583)
Caused by: com.microsoft.playwright.impl.DriverException: Error {
  message=&apos;Page crashed
  name=&apos;Error
  stack=&apos;Error:Page crashed
Error
    at captureRawStack (C:\Users\PVHASINI\AppData\Local\Temp\playwright-java-13215096773590562549\package\lib\utils\isomorphic\stackTrace.js:32:17)
    at LongStandingScope._race (C:\Users\PVHASINI\AppData\Local\Temp\playwright-java-13215096773590562549\package\lib\utils\isomorphic\manualPromise.js:87:58)
    at LongStandingScope.race (C:\Users\PVHASINI\AppData\Local\Temp\playwright-java-13215096773590562549\package\lib\utils\isomorphic\manualPromise.js:80:17)
    at C:\Users\PVHASINI\AppData\Local\Temp\playwright-java-13215096773590562549\package\lib\utils\isomorphic\manualPromise.js:77:45
    at Array.map (&lt;anonymous&gt;)
    at LongStandingScope.raceMultiple (C:\Users\PVHASINI\AppData\Local\Temp\playwright-java-13215096773590562549\package\lib\utils\isomorphic\manualPromise.js:77:32)
    at Frame.raceNavigationAction (C:\Users\PVHASINI\AppData\Local\Temp\playwright-java-13215096773590562549\package\lib\server\frames.js:475:43)
    at Frame.goto (C:\Users\PVHASINI\AppData\Local\Temp\playwright-java-13215096773590562549\package\lib\server\frames.js:500:17)
    at FrameDispatcher.goto (C:\Users\PVHASINI\AppData\Local\Temp\playwright-java-13215096773590562549\package\lib\server\dispatchers\frameDispatcher.js:70:132)
    at C:\Users\PVHASINI\AppData\Local\Temp\playwright-java-13215096773590562549\package\lib\server\dispatchers\dispatcher.js:95:61
    at ProgressController.run (C:\Users\PVHASINI\AppData\Local\Temp\playwright-java-13215096773590562549\package\lib\server\progress.js:78:28)
    at FrameDispatcher._runCommand (C:\Users\PVHASINI\AppData\Local\Temp\playwright-java-13215096773590562549\package\lib\server\dispatchers\dispatcher.js:95:31)
    at DispatcherConnection.dispatch (C:\Users\PVHASINI\AppData\Local\Temp\playwright-java-13215096773590562549\package\lib\server\dispatchers\dispatcher.js:329:39)
}
Call log:
-   - navigating to &quot;https://naveenautomationlabs.com/opencart/&quot;, waiting until &quot;load&quot;

	at com.microsoft.playwright.impl.Connection.dispatch(Connection.java:262)
	at com.microsoft.playwright.impl.Connection.processOneMessage(Connection.java:214)
	at com.microsoft.playwright.impl.ChannelOwner.runUntil(ChannelOwner.java:136)
	... 24 more
</pre></div></td>
<td>0</td>
<td>com.qa.opencart.tests.HomePageTest@5e0e82ae</td></tr>
<tr>
<td title='com.qa.opencart.tests.HomePageTest.searchTest()'><b>searchTest</b><br>Test class: com.qa.opencart.tests.HomePageTest<br>Parameters: Macbook</td>
<td><div><pre>com.microsoft.playwright.PlaywrightException: Error {
  message=&apos;Page crashed
  name=&apos;Error
  stack=&apos;Error:Page crashed
Error
    at captureRawStack (C:\Users\PVHASINI\AppData\Local\Temp\playwright-java-13215096773590562549\package\lib\utils\isomorphic\stackTrace.js:32:17)
    at LongStandingScope._race (C:\Users\PVHASINI\AppData\Local\Temp\playwright-java-13215096773590562549\package\lib\utils\isomorphic\manualPromise.js:87:58)
    at LongStandingScope.race (C:\Users\PVHASINI\AppData\Local\Temp\playwright-java-13215096773590562549\package\lib\utils\isomorphic\manualPromise.js:80:17)
    at C:\Users\PVHASINI\AppData\Local\Temp\playwright-java-13215096773590562549\package\lib\utils\isomorphic\manualPromise.js:77:45
    at Array.map (&lt;anonymous&gt;)
    at LongStandingScope.raceMultiple (C:\Users\PVHASINI\AppData\Local\Temp\playwright-java-13215096773590562549\package\lib\utils\isomorphic\manualPromise.js:77:32)
    at Frame.raceNavigationAction (C:\Users\PVHASINI\AppData\Local\Temp\playwright-java-13215096773590562549\package\lib\server\frames.js:475:43)
    at Frame.goto (C:\Users\PVHASINI\AppData\Local\Temp\playwright-java-13215096773590562549\package\lib\server\frames.js:500:17)
    at FrameDispatcher.goto (C:\Users\PVHASINI\AppData\Local\Temp\playwright-java-13215096773590562549\package\lib\server\dispatchers\frameDispatcher.js:70:132)
    at C:\Users\PVHASINI\AppData\Local\Temp\playwright-java-13215096773590562549\package\lib\server\dispatchers\dispatcher.js:95:61
    at ProgressController.run (C:\Users\PVHASINI\AppData\Local\Temp\playwright-java-13215096773590562549\package\lib\server\progress.js:78:28)
    at FrameDispatcher._runCommand (C:\Users\PVHASINI\AppData\Local\Temp\playwright-java-13215096773590562549\package\lib\server\dispatchers\dispatcher.js:95:31)
    at DispatcherConnection.dispatch (C:\Users\PVHASINI\AppData\Local\Temp\playwright-java-13215096773590562549\package\lib\server\dispatchers\dispatcher.js:329:39)
}
Call log:
-   - navigating to &quot;https://naveenautomationlabs.com/opencart/&quot;, waiting until &quot;load&quot;

	at com.microsoft.playwright.impl.WaitableResult.get(WaitableResult.java:56)
	at com.microsoft.playwright.impl.ChannelOwner.runUntil(ChannelOwner.java:138)
	at com.microsoft.playwright.impl.Connection.sendMessage(Connection.java:131)
	at com.microsoft.playwright.impl.ChannelOwner.sendMessage(ChannelOwner.java:124)
	at com.microsoft.playwright.impl.FrameImpl.navigateImpl(FrameImpl.java:419)
	at com.microsoft.playwright.impl.PageImpl.navigate(PageImpl.java:930)
	at com.microsoft.playwright.impl.PageImpl.navigate(PageImpl.java:43)
	at com.microsoft.playwright.Page.navigate(Page.java:5491)
	at com.qa.opencart.factory.PlaywrightFactory.initBrowser(PlaywrightFactory.java:72)
	at com.qa.opencart.base.BaseTest.setup(BaseTest.java:27)
	at java.base/jdk.internal.reflect.DirectMethodHandleAccessor.invoke(DirectMethodHandleAccessor.java:103)
	at java.base/java.lang.reflect.Method.invoke(Method.java:580)
	at org.testng.internal.invokers.MethodInvocationHelper.invokeMethod(MethodInvocationHelper.java:141)
	at org.testng.internal.invokers.MethodInvocationHelper.invokeMethodConsideringTimeout(MethodInvocationHelper.java:71)
	at org.testng.internal.invokers.ConfigInvoker.invokeConfigurationMethod(ConfigInvoker.java:400)
	at org.testng.internal.invokers.ConfigInvoker.invokeConfigurations(ConfigInvoker.java:333)
	at org.testng.TestRunner.invokeTestConfigurations(TestRunner.java:657)
	at org.testng.TestRunner.beforeRun(TestRunner.java:646)
	at org.testng.TestRunner.run(TestRunner.java:612)
	at org.testng.SuiteRunner.runTest(SuiteRunner.java:421)
	at org.testng.SuiteRunner$SuiteWorker.run(SuiteRunner.java:463)
	at org.testng.internal.thread.ThreadUtil.lambda$execute$0(ThreadUtil.java:64)
	at java.base/java.util.concurrent.FutureTask.run(FutureTask.java:317)
	at java.base/java.util.concurrent.ThreadPoolExecutor.runWorker(ThreadPoolExecutor.java:1144)
	at java.base/java.util.concurrent.ThreadPoolExecutor$Worker.run(ThreadPoolExecutor.java:642)
	at java.base/java.lang.Thread.run(Thread.java:1583)
Caused by: com.microsoft.playwright.impl.DriverException: Error {
  message=&apos;Page crashed
  name=&apos;Error
  stack=&apos;Error:Page crashed
Error
    at captureRawStack (C:\Users\PVHASINI\AppData\Local\Temp\playwright-java-13215096773590562549\package\lib\utils\isomorphic\stackTrace.js:32:17)
    at LongStandingScope._race (C:\Users\PVHASINI\AppData\Local\Temp\playwright-java-13215096773590562549\package\lib\utils\isomorphic\manualPromise.js:87:58)
    at LongStandingScope.race (C:\Users\PVHASINI\AppData\Local\Temp\playwright-java-13215096773590562549\package\lib\utils\isomorphic\manualPromise.js:80:17)
    at C:\Users\PVHASINI\AppData\Local\Temp\playwright-java-13215096773590562549\package\lib\utils\isomorphic\manualPromise.js:77:45
    at Array.map (&lt;anonymous&gt;)
    at LongStandingScope.raceMultiple (C:\Users\PVHASINI\AppData\Local\Temp\playwright-java-13215096773590562549\package\lib\utils\isomorphic\manualPromise.js:77:32)
    at Frame.raceNavigationAction (C:\Users\PVHASINI\AppData\Local\Temp\playwright-java-13215096773590562549\package\lib\server\frames.js:475:43)
    at Frame.goto (C:\Users\PVHASINI\AppData\Local\Temp\playwright-java-13215096773590562549\package\lib\server\frames.js:500:17)
    at FrameDispatcher.goto (C:\Users\PVHASINI\AppData\Local\Temp\playwright-java-13215096773590562549\package\lib\server\dispatchers\frameDispatcher.js:70:132)
    at C:\Users\PVHASINI\AppData\Local\Temp\playwright-java-13215096773590562549\package\lib\server\dispatchers\dispatcher.js:95:61
    at ProgressController.run (C:\Users\PVHASINI\AppData\Local\Temp\playwright-java-13215096773590562549\package\lib\server\progress.js:78:28)
    at FrameDispatcher._runCommand (C:\Users\PVHASINI\AppData\Local\Temp\playwright-java-13215096773590562549\package\lib\server\dispatchers\dispatcher.js:95:31)
    at DispatcherConnection.dispatch (C:\Users\PVHASINI\AppData\Local\Temp\playwright-java-13215096773590562549\package\lib\server\dispatchers\dispatcher.js:329:39)
}
Call log:
-   - navigating to &quot;https://naveenautomationlabs.com/opencart/&quot;, waiting until &quot;load&quot;

	at com.microsoft.playwright.impl.Connection.dispatch(Connection.java:262)
	at com.microsoft.playwright.impl.Connection.processOneMessage(Connection.java:214)
	at com.microsoft.playwright.impl.ChannelOwner.runUntil(ChannelOwner.java:136)
	... 24 more
</pre></div><a href='#' onClick='toggleBox("stack-trace180658150", this, "Click to show all stack frames", "Click to hide stack frames")'>Click to show all stack frames</a>
<div class='stack-trace' id='stack-trace180658150'><pre>com.microsoft.playwright.PlaywrightException: Error {
  message=&apos;Page crashed
  name=&apos;Error
  stack=&apos;Error:Page crashed
Error
    at captureRawStack (C:\Users\PVHASINI\AppData\Local\Temp\playwright-java-13215096773590562549\package\lib\utils\isomorphic\stackTrace.js:32:17)
    at LongStandingScope._race (C:\Users\PVHASINI\AppData\Local\Temp\playwright-java-13215096773590562549\package\lib\utils\isomorphic\manualPromise.js:87:58)
    at LongStandingScope.race (C:\Users\PVHASINI\AppData\Local\Temp\playwright-java-13215096773590562549\package\lib\utils\isomorphic\manualPromise.js:80:17)
    at C:\Users\PVHASINI\AppData\Local\Temp\playwright-java-13215096773590562549\package\lib\utils\isomorphic\manualPromise.js:77:45
    at Array.map (&lt;anonymous&gt;)
    at LongStandingScope.raceMultiple (C:\Users\PVHASINI\AppData\Local\Temp\playwright-java-13215096773590562549\package\lib\utils\isomorphic\manualPromise.js:77:32)
    at Frame.raceNavigationAction (C:\Users\PVHASINI\AppData\Local\Temp\playwright-java-13215096773590562549\package\lib\server\frames.js:475:43)
    at Frame.goto (C:\Users\PVHASINI\AppData\Local\Temp\playwright-java-13215096773590562549\package\lib\server\frames.js:500:17)
    at FrameDispatcher.goto (C:\Users\PVHASINI\AppData\Local\Temp\playwright-java-13215096773590562549\package\lib\server\dispatchers\frameDispatcher.js:70:132)
    at C:\Users\PVHASINI\AppData\Local\Temp\playwright-java-13215096773590562549\package\lib\server\dispatchers\dispatcher.js:95:61
    at ProgressController.run (C:\Users\PVHASINI\AppData\Local\Temp\playwright-java-13215096773590562549\package\lib\server\progress.js:78:28)
    at FrameDispatcher._runCommand (C:\Users\PVHASINI\AppData\Local\Temp\playwright-java-13215096773590562549\package\lib\server\dispatchers\dispatcher.js:95:31)
    at DispatcherConnection.dispatch (C:\Users\PVHASINI\AppData\Local\Temp\playwright-java-13215096773590562549\package\lib\server\dispatchers\dispatcher.js:329:39)
}
Call log:
-   - navigating to &quot;https://naveenautomationlabs.com/opencart/&quot;, waiting until &quot;load&quot;

	at com.microsoft.playwright.impl.WaitableResult.get(WaitableResult.java:56)
	at com.microsoft.playwright.impl.ChannelOwner.runUntil(ChannelOwner.java:138)
	at com.microsoft.playwright.impl.Connection.sendMessage(Connection.java:131)
	at com.microsoft.playwright.impl.ChannelOwner.sendMessage(ChannelOwner.java:124)
	at com.microsoft.playwright.impl.FrameImpl.navigateImpl(FrameImpl.java:419)
	at com.microsoft.playwright.impl.PageImpl.navigate(PageImpl.java:930)
	at com.microsoft.playwright.impl.PageImpl.navigate(PageImpl.java:43)
	at com.microsoft.playwright.Page.navigate(Page.java:5491)
	at com.qa.opencart.factory.PlaywrightFactory.initBrowser(PlaywrightFactory.java:72)
	at com.qa.opencart.base.BaseTest.setup(BaseTest.java:27)
	at java.base/jdk.internal.reflect.DirectMethodHandleAccessor.invoke(DirectMethodHandleAccessor.java:103)
	at java.base/java.lang.reflect.Method.invoke(Method.java:580)
	at org.testng.internal.invokers.MethodInvocationHelper.invokeMethod(MethodInvocationHelper.java:141)
	at org.testng.internal.invokers.MethodInvocationHelper.invokeMethodConsideringTimeout(MethodInvocationHelper.java:71)
	at org.testng.internal.invokers.ConfigInvoker.invokeConfigurationMethod(ConfigInvoker.java:400)
	at org.testng.internal.invokers.ConfigInvoker.invokeConfigurations(ConfigInvoker.java:333)
	at org.testng.TestRunner.invokeTestConfigurations(TestRunner.java:657)
	at org.testng.TestRunner.beforeRun(TestRunner.java:646)
	at org.testng.TestRunner.run(TestRunner.java:612)
	at org.testng.SuiteRunner.runTest(SuiteRunner.java:421)
	at org.testng.SuiteRunner$SuiteWorker.run(SuiteRunner.java:463)
	at org.testng.internal.thread.ThreadUtil.lambda$execute$0(ThreadUtil.java:64)
	at java.base/java.util.concurrent.FutureTask.run(FutureTask.java:317)
	at java.base/java.util.concurrent.ThreadPoolExecutor.runWorker(ThreadPoolExecutor.java:1144)
	at java.base/java.util.concurrent.ThreadPoolExecutor$Worker.run(ThreadPoolExecutor.java:642)
	at java.base/java.lang.Thread.run(Thread.java:1583)
Caused by: com.microsoft.playwright.impl.DriverException: Error {
  message=&apos;Page crashed
  name=&apos;Error
  stack=&apos;Error:Page crashed
Error
    at captureRawStack (C:\Users\PVHASINI\AppData\Local\Temp\playwright-java-13215096773590562549\package\lib\utils\isomorphic\stackTrace.js:32:17)
    at LongStandingScope._race (C:\Users\PVHASINI\AppData\Local\Temp\playwright-java-13215096773590562549\package\lib\utils\isomorphic\manualPromise.js:87:58)
    at LongStandingScope.race (C:\Users\PVHASINI\AppData\Local\Temp\playwright-java-13215096773590562549\package\lib\utils\isomorphic\manualPromise.js:80:17)
    at C:\Users\PVHASINI\AppData\Local\Temp\playwright-java-13215096773590562549\package\lib\utils\isomorphic\manualPromise.js:77:45
    at Array.map (&lt;anonymous&gt;)
    at LongStandingScope.raceMultiple (C:\Users\PVHASINI\AppData\Local\Temp\playwright-java-13215096773590562549\package\lib\utils\isomorphic\manualPromise.js:77:32)
    at Frame.raceNavigationAction (C:\Users\PVHASINI\AppData\Local\Temp\playwright-java-13215096773590562549\package\lib\server\frames.js:475:43)
    at Frame.goto (C:\Users\PVHASINI\AppData\Local\Temp\playwright-java-13215096773590562549\package\lib\server\frames.js:500:17)
    at FrameDispatcher.goto (C:\Users\PVHASINI\AppData\Local\Temp\playwright-java-13215096773590562549\package\lib\server\dispatchers\frameDispatcher.js:70:132)
    at C:\Users\PVHASINI\AppData\Local\Temp\playwright-java-13215096773590562549\package\lib\server\dispatchers\dispatcher.js:95:61
    at ProgressController.run (C:\Users\PVHASINI\AppData\Local\Temp\playwright-java-13215096773590562549\package\lib\server\progress.js:78:28)
    at FrameDispatcher._runCommand (C:\Users\PVHASINI\AppData\Local\Temp\playwright-java-13215096773590562549\package\lib\server\dispatchers\dispatcher.js:95:31)
    at DispatcherConnection.dispatch (C:\Users\PVHASINI\AppData\Local\Temp\playwright-java-13215096773590562549\package\lib\server\dispatchers\dispatcher.js:329:39)
}
Call log:
-   - navigating to &quot;https://naveenautomationlabs.com/opencart/&quot;, waiting until &quot;load&quot;

	at com.microsoft.playwright.impl.Connection.dispatch(Connection.java:262)
	at com.microsoft.playwright.impl.Connection.processOneMessage(Connection.java:214)
	at com.microsoft.playwright.impl.ChannelOwner.runUntil(ChannelOwner.java:136)
	... 24 more
</pre></div></td>
<td>0</td>
<td>com.qa.opencart.tests.HomePageTest@5e0e82ae</td></tr>
<tr>
<td title='com.qa.opencart.tests.HomePageTest.searchTest()'><b>searchTest</b><br>Test class: com.qa.opencart.tests.HomePageTest<br>Parameters: iMac</td>
<td><div><pre>com.microsoft.playwright.PlaywrightException: Error {
  message=&apos;Page crashed
  name=&apos;Error
  stack=&apos;Error:Page crashed
Error
    at captureRawStack (C:\Users\PVHASINI\AppData\Local\Temp\playwright-java-13215096773590562549\package\lib\utils\isomorphic\stackTrace.js:32:17)
    at LongStandingScope._race (C:\Users\PVHASINI\AppData\Local\Temp\playwright-java-13215096773590562549\package\lib\utils\isomorphic\manualPromise.js:87:58)
    at LongStandingScope.race (C:\Users\PVHASINI\AppData\Local\Temp\playwright-java-13215096773590562549\package\lib\utils\isomorphic\manualPromise.js:80:17)
    at C:\Users\PVHASINI\AppData\Local\Temp\playwright-java-13215096773590562549\package\lib\utils\isomorphic\manualPromise.js:77:45
    at Array.map (&lt;anonymous&gt;)
    at LongStandingScope.raceMultiple (C:\Users\PVHASINI\AppData\Local\Temp\playwright-java-13215096773590562549\package\lib\utils\isomorphic\manualPromise.js:77:32)
    at Frame.raceNavigationAction (C:\Users\PVHASINI\AppData\Local\Temp\playwright-java-13215096773590562549\package\lib\server\frames.js:475:43)
    at Frame.goto (C:\Users\PVHASINI\AppData\Local\Temp\playwright-java-13215096773590562549\package\lib\server\frames.js:500:17)
    at FrameDispatcher.goto (C:\Users\PVHASINI\AppData\Local\Temp\playwright-java-13215096773590562549\package\lib\server\dispatchers\frameDispatcher.js:70:132)
    at C:\Users\PVHASINI\AppData\Local\Temp\playwright-java-13215096773590562549\package\lib\server\dispatchers\dispatcher.js:95:61
    at ProgressController.run (C:\Users\PVHASINI\AppData\Local\Temp\playwright-java-13215096773590562549\package\lib\server\progress.js:78:28)
    at FrameDispatcher._runCommand (C:\Users\PVHASINI\AppData\Local\Temp\playwright-java-13215096773590562549\package\lib\server\dispatchers\dispatcher.js:95:31)
    at DispatcherConnection.dispatch (C:\Users\PVHASINI\AppData\Local\Temp\playwright-java-13215096773590562549\package\lib\server\dispatchers\dispatcher.js:329:39)
}
Call log:
-   - navigating to &quot;https://naveenautomationlabs.com/opencart/&quot;, waiting until &quot;load&quot;

	at com.microsoft.playwright.impl.WaitableResult.get(WaitableResult.java:56)
	at com.microsoft.playwright.impl.ChannelOwner.runUntil(ChannelOwner.java:138)
	at com.microsoft.playwright.impl.Connection.sendMessage(Connection.java:131)
	at com.microsoft.playwright.impl.ChannelOwner.sendMessage(ChannelOwner.java:124)
	at com.microsoft.playwright.impl.FrameImpl.navigateImpl(FrameImpl.java:419)
	at com.microsoft.playwright.impl.PageImpl.navigate(PageImpl.java:930)
	at com.microsoft.playwright.impl.PageImpl.navigate(PageImpl.java:43)
	at com.microsoft.playwright.Page.navigate(Page.java:5491)
	at com.qa.opencart.factory.PlaywrightFactory.initBrowser(PlaywrightFactory.java:72)
	at com.qa.opencart.base.BaseTest.setup(BaseTest.java:27)
	at java.base/jdk.internal.reflect.DirectMethodHandleAccessor.invoke(DirectMethodHandleAccessor.java:103)
	at java.base/java.lang.reflect.Method.invoke(Method.java:580)
	at org.testng.internal.invokers.MethodInvocationHelper.invokeMethod(MethodInvocationHelper.java:141)
	at org.testng.internal.invokers.MethodInvocationHelper.invokeMethodConsideringTimeout(MethodInvocationHelper.java:71)
	at org.testng.internal.invokers.ConfigInvoker.invokeConfigurationMethod(ConfigInvoker.java:400)
	at org.testng.internal.invokers.ConfigInvoker.invokeConfigurations(ConfigInvoker.java:333)
	at org.testng.TestRunner.invokeTestConfigurations(TestRunner.java:657)
	at org.testng.TestRunner.beforeRun(TestRunner.java:646)
	at org.testng.TestRunner.run(TestRunner.java:612)
	at org.testng.SuiteRunner.runTest(SuiteRunner.java:421)
	at org.testng.SuiteRunner$SuiteWorker.run(SuiteRunner.java:463)
	at org.testng.internal.thread.ThreadUtil.lambda$execute$0(ThreadUtil.java:64)
	at java.base/java.util.concurrent.FutureTask.run(FutureTask.java:317)
	at java.base/java.util.concurrent.ThreadPoolExecutor.runWorker(ThreadPoolExecutor.java:1144)
	at java.base/java.util.concurrent.ThreadPoolExecutor$Worker.run(ThreadPoolExecutor.java:642)
	at java.base/java.lang.Thread.run(Thread.java:1583)
Caused by: com.microsoft.playwright.impl.DriverException: Error {
  message=&apos;Page crashed
  name=&apos;Error
  stack=&apos;Error:Page crashed
Error
    at captureRawStack (C:\Users\PVHASINI\AppData\Local\Temp\playwright-java-13215096773590562549\package\lib\utils\isomorphic\stackTrace.js:32:17)
    at LongStandingScope._race (C:\Users\PVHASINI\AppData\Local\Temp\playwright-java-13215096773590562549\package\lib\utils\isomorphic\manualPromise.js:87:58)
    at LongStandingScope.race (C:\Users\PVHASINI\AppData\Local\Temp\playwright-java-13215096773590562549\package\lib\utils\isomorphic\manualPromise.js:80:17)
    at C:\Users\PVHASINI\AppData\Local\Temp\playwright-java-13215096773590562549\package\lib\utils\isomorphic\manualPromise.js:77:45
    at Array.map (&lt;anonymous&gt;)
    at LongStandingScope.raceMultiple (C:\Users\PVHASINI\AppData\Local\Temp\playwright-java-13215096773590562549\package\lib\utils\isomorphic\manualPromise.js:77:32)
    at Frame.raceNavigationAction (C:\Users\PVHASINI\AppData\Local\Temp\playwright-java-13215096773590562549\package\lib\server\frames.js:475:43)
    at Frame.goto (C:\Users\PVHASINI\AppData\Local\Temp\playwright-java-13215096773590562549\package\lib\server\frames.js:500:17)
    at FrameDispatcher.goto (C:\Users\PVHASINI\AppData\Local\Temp\playwright-java-13215096773590562549\package\lib\server\dispatchers\frameDispatcher.js:70:132)
    at C:\Users\PVHASINI\AppData\Local\Temp\playwright-java-13215096773590562549\package\lib\server\dispatchers\dispatcher.js:95:61
    at ProgressController.run (C:\Users\PVHASINI\AppData\Local\Temp\playwright-java-13215096773590562549\package\lib\server\progress.js:78:28)
    at FrameDispatcher._runCommand (C:\Users\PVHASINI\AppData\Local\Temp\playwright-java-13215096773590562549\package\lib\server\dispatchers\dispatcher.js:95:31)
    at DispatcherConnection.dispatch (C:\Users\PVHASINI\AppData\Local\Temp\playwright-java-13215096773590562549\package\lib\server\dispatchers\dispatcher.js:329:39)
}
Call log:
-   - navigating to &quot;https://naveenautomationlabs.com/opencart/&quot;, waiting until &quot;load&quot;

	at com.microsoft.playwright.impl.Connection.dispatch(Connection.java:262)
	at com.microsoft.playwright.impl.Connection.processOneMessage(Connection.java:214)
	at com.microsoft.playwright.impl.ChannelOwner.runUntil(ChannelOwner.java:136)
	... 24 more
</pre></div><a href='#' onClick='toggleBox("stack-trace1553814693", this, "Click to show all stack frames", "Click to hide stack frames")'>Click to show all stack frames</a>
<div class='stack-trace' id='stack-trace1553814693'><pre>com.microsoft.playwright.PlaywrightException: Error {
  message=&apos;Page crashed
  name=&apos;Error
  stack=&apos;Error:Page crashed
Error
    at captureRawStack (C:\Users\PVHASINI\AppData\Local\Temp\playwright-java-13215096773590562549\package\lib\utils\isomorphic\stackTrace.js:32:17)
    at LongStandingScope._race (C:\Users\PVHASINI\AppData\Local\Temp\playwright-java-13215096773590562549\package\lib\utils\isomorphic\manualPromise.js:87:58)
    at LongStandingScope.race (C:\Users\PVHASINI\AppData\Local\Temp\playwright-java-13215096773590562549\package\lib\utils\isomorphic\manualPromise.js:80:17)
    at C:\Users\PVHASINI\AppData\Local\Temp\playwright-java-13215096773590562549\package\lib\utils\isomorphic\manualPromise.js:77:45
    at Array.map (&lt;anonymous&gt;)
    at LongStandingScope.raceMultiple (C:\Users\PVHASINI\AppData\Local\Temp\playwright-java-13215096773590562549\package\lib\utils\isomorphic\manualPromise.js:77:32)
    at Frame.raceNavigationAction (C:\Users\PVHASINI\AppData\Local\Temp\playwright-java-13215096773590562549\package\lib\server\frames.js:475:43)
    at Frame.goto (C:\Users\PVHASINI\AppData\Local\Temp\playwright-java-13215096773590562549\package\lib\server\frames.js:500:17)
    at FrameDispatcher.goto (C:\Users\PVHASINI\AppData\Local\Temp\playwright-java-13215096773590562549\package\lib\server\dispatchers\frameDispatcher.js:70:132)
    at C:\Users\PVHASINI\AppData\Local\Temp\playwright-java-13215096773590562549\package\lib\server\dispatchers\dispatcher.js:95:61
    at ProgressController.run (C:\Users\PVHASINI\AppData\Local\Temp\playwright-java-13215096773590562549\package\lib\server\progress.js:78:28)
    at FrameDispatcher._runCommand (C:\Users\PVHASINI\AppData\Local\Temp\playwright-java-13215096773590562549\package\lib\server\dispatchers\dispatcher.js:95:31)
    at DispatcherConnection.dispatch (C:\Users\PVHASINI\AppData\Local\Temp\playwright-java-13215096773590562549\package\lib\server\dispatchers\dispatcher.js:329:39)
}
Call log:
-   - navigating to &quot;https://naveenautomationlabs.com/opencart/&quot;, waiting until &quot;load&quot;

	at com.microsoft.playwright.impl.WaitableResult.get(WaitableResult.java:56)
	at com.microsoft.playwright.impl.ChannelOwner.runUntil(ChannelOwner.java:138)
	at com.microsoft.playwright.impl.Connection.sendMessage(Connection.java:131)
	at com.microsoft.playwright.impl.ChannelOwner.sendMessage(ChannelOwner.java:124)
	at com.microsoft.playwright.impl.FrameImpl.navigateImpl(FrameImpl.java:419)
	at com.microsoft.playwright.impl.PageImpl.navigate(PageImpl.java:930)
	at com.microsoft.playwright.impl.PageImpl.navigate(PageImpl.java:43)
	at com.microsoft.playwright.Page.navigate(Page.java:5491)
	at com.qa.opencart.factory.PlaywrightFactory.initBrowser(PlaywrightFactory.java:72)
	at com.qa.opencart.base.BaseTest.setup(BaseTest.java:27)
	at java.base/jdk.internal.reflect.DirectMethodHandleAccessor.invoke(DirectMethodHandleAccessor.java:103)
	at java.base/java.lang.reflect.Method.invoke(Method.java:580)
	at org.testng.internal.invokers.MethodInvocationHelper.invokeMethod(MethodInvocationHelper.java:141)
	at org.testng.internal.invokers.MethodInvocationHelper.invokeMethodConsideringTimeout(MethodInvocationHelper.java:71)
	at org.testng.internal.invokers.ConfigInvoker.invokeConfigurationMethod(ConfigInvoker.java:400)
	at org.testng.internal.invokers.ConfigInvoker.invokeConfigurations(ConfigInvoker.java:333)
	at org.testng.TestRunner.invokeTestConfigurations(TestRunner.java:657)
	at org.testng.TestRunner.beforeRun(TestRunner.java:646)
	at org.testng.TestRunner.run(TestRunner.java:612)
	at org.testng.SuiteRunner.runTest(SuiteRunner.java:421)
	at org.testng.SuiteRunner$SuiteWorker.run(SuiteRunner.java:463)
	at org.testng.internal.thread.ThreadUtil.lambda$execute$0(ThreadUtil.java:64)
	at java.base/java.util.concurrent.FutureTask.run(FutureTask.java:317)
	at java.base/java.util.concurrent.ThreadPoolExecutor.runWorker(ThreadPoolExecutor.java:1144)
	at java.base/java.util.concurrent.ThreadPoolExecutor$Worker.run(ThreadPoolExecutor.java:642)
	at java.base/java.lang.Thread.run(Thread.java:1583)
Caused by: com.microsoft.playwright.impl.DriverException: Error {
  message=&apos;Page crashed
  name=&apos;Error
  stack=&apos;Error:Page crashed
Error
    at captureRawStack (C:\Users\PVHASINI\AppData\Local\Temp\playwright-java-13215096773590562549\package\lib\utils\isomorphic\stackTrace.js:32:17)
    at LongStandingScope._race (C:\Users\PVHASINI\AppData\Local\Temp\playwright-java-13215096773590562549\package\lib\utils\isomorphic\manualPromise.js:87:58)
    at LongStandingScope.race (C:\Users\PVHASINI\AppData\Local\Temp\playwright-java-13215096773590562549\package\lib\utils\isomorphic\manualPromise.js:80:17)
    at C:\Users\PVHASINI\AppData\Local\Temp\playwright-java-13215096773590562549\package\lib\utils\isomorphic\manualPromise.js:77:45
    at Array.map (&lt;anonymous&gt;)
    at LongStandingScope.raceMultiple (C:\Users\PVHASINI\AppData\Local\Temp\playwright-java-13215096773590562549\package\lib\utils\isomorphic\manualPromise.js:77:32)
    at Frame.raceNavigationAction (C:\Users\PVHASINI\AppData\Local\Temp\playwright-java-13215096773590562549\package\lib\server\frames.js:475:43)
    at Frame.goto (C:\Users\PVHASINI\AppData\Local\Temp\playwright-java-13215096773590562549\package\lib\server\frames.js:500:17)
    at FrameDispatcher.goto (C:\Users\PVHASINI\AppData\Local\Temp\playwright-java-13215096773590562549\package\lib\server\dispatchers\frameDispatcher.js:70:132)
    at C:\Users\PVHASINI\AppData\Local\Temp\playwright-java-13215096773590562549\package\lib\server\dispatchers\dispatcher.js:95:61
    at ProgressController.run (C:\Users\PVHASINI\AppData\Local\Temp\playwright-java-13215096773590562549\package\lib\server\progress.js:78:28)
    at FrameDispatcher._runCommand (C:\Users\PVHASINI\AppData\Local\Temp\playwright-java-13215096773590562549\package\lib\server\dispatchers\dispatcher.js:95:31)
    at DispatcherConnection.dispatch (C:\Users\PVHASINI\AppData\Local\Temp\playwright-java-13215096773590562549\package\lib\server\dispatchers\dispatcher.js:329:39)
}
Call log:
-   - navigating to &quot;https://naveenautomationlabs.com/opencart/&quot;, waiting until &quot;load&quot;

	at com.microsoft.playwright.impl.Connection.dispatch(Connection.java:262)
	at com.microsoft.playwright.impl.Connection.processOneMessage(Connection.java:214)
	at com.microsoft.playwright.impl.ChannelOwner.runUntil(ChannelOwner.java:136)
	... 24 more
</pre></div></td>
<td>0</td>
<td>com.qa.opencart.tests.HomePageTest@5e0e82ae</td></tr>
<tr>
<td title='com.qa.opencart.tests.HomePageTest.searchTest()'><b>searchTest</b><br>Test class: com.qa.opencart.tests.HomePageTest<br>Parameters: Samsung</td>
<td><div><pre>com.microsoft.playwright.PlaywrightException: Error {
  message=&apos;Page crashed
  name=&apos;Error
  stack=&apos;Error:Page crashed
Error
    at captureRawStack (C:\Users\PVHASINI\AppData\Local\Temp\playwright-java-13215096773590562549\package\lib\utils\isomorphic\stackTrace.js:32:17)
    at LongStandingScope._race (C:\Users\PVHASINI\AppData\Local\Temp\playwright-java-13215096773590562549\package\lib\utils\isomorphic\manualPromise.js:87:58)
    at LongStandingScope.race (C:\Users\PVHASINI\AppData\Local\Temp\playwright-java-13215096773590562549\package\lib\utils\isomorphic\manualPromise.js:80:17)
    at C:\Users\PVHASINI\AppData\Local\Temp\playwright-java-13215096773590562549\package\lib\utils\isomorphic\manualPromise.js:77:45
    at Array.map (&lt;anonymous&gt;)
    at LongStandingScope.raceMultiple (C:\Users\PVHASINI\AppData\Local\Temp\playwright-java-13215096773590562549\package\lib\utils\isomorphic\manualPromise.js:77:32)
    at Frame.raceNavigationAction (C:\Users\PVHASINI\AppData\Local\Temp\playwright-java-13215096773590562549\package\lib\server\frames.js:475:43)
    at Frame.goto (C:\Users\PVHASINI\AppData\Local\Temp\playwright-java-13215096773590562549\package\lib\server\frames.js:500:17)
    at FrameDispatcher.goto (C:\Users\PVHASINI\AppData\Local\Temp\playwright-java-13215096773590562549\package\lib\server\dispatchers\frameDispatcher.js:70:132)
    at C:\Users\PVHASINI\AppData\Local\Temp\playwright-java-13215096773590562549\package\lib\server\dispatchers\dispatcher.js:95:61
    at ProgressController.run (C:\Users\PVHASINI\AppData\Local\Temp\playwright-java-13215096773590562549\package\lib\server\progress.js:78:28)
    at FrameDispatcher._runCommand (C:\Users\PVHASINI\AppData\Local\Temp\playwright-java-13215096773590562549\package\lib\server\dispatchers\dispatcher.js:95:31)
    at DispatcherConnection.dispatch (C:\Users\PVHASINI\AppData\Local\Temp\playwright-java-13215096773590562549\package\lib\server\dispatchers\dispatcher.js:329:39)
}
Call log:
-   - navigating to &quot;https://naveenautomationlabs.com/opencart/&quot;, waiting until &quot;load&quot;

	at com.microsoft.playwright.impl.WaitableResult.get(WaitableResult.java:56)
	at com.microsoft.playwright.impl.ChannelOwner.runUntil(ChannelOwner.java:138)
	at com.microsoft.playwright.impl.Connection.sendMessage(Connection.java:131)
	at com.microsoft.playwright.impl.ChannelOwner.sendMessage(ChannelOwner.java:124)
	at com.microsoft.playwright.impl.FrameImpl.navigateImpl(FrameImpl.java:419)
	at com.microsoft.playwright.impl.PageImpl.navigate(PageImpl.java:930)
	at com.microsoft.playwright.impl.PageImpl.navigate(PageImpl.java:43)
	at com.microsoft.playwright.Page.navigate(Page.java:5491)
	at com.qa.opencart.factory.PlaywrightFactory.initBrowser(PlaywrightFactory.java:72)
	at com.qa.opencart.base.BaseTest.setup(BaseTest.java:27)
	at java.base/jdk.internal.reflect.DirectMethodHandleAccessor.invoke(DirectMethodHandleAccessor.java:103)
	at java.base/java.lang.reflect.Method.invoke(Method.java:580)
	at org.testng.internal.invokers.MethodInvocationHelper.invokeMethod(MethodInvocationHelper.java:141)
	at org.testng.internal.invokers.MethodInvocationHelper.invokeMethodConsideringTimeout(MethodInvocationHelper.java:71)
	at org.testng.internal.invokers.ConfigInvoker.invokeConfigurationMethod(ConfigInvoker.java:400)
	at org.testng.internal.invokers.ConfigInvoker.invokeConfigurations(ConfigInvoker.java:333)
	at org.testng.TestRunner.invokeTestConfigurations(TestRunner.java:657)
	at org.testng.TestRunner.beforeRun(TestRunner.java:646)
	at org.testng.TestRunner.run(TestRunner.java:612)
	at org.testng.SuiteRunner.runTest(SuiteRunner.java:421)
	at org.testng.SuiteRunner$SuiteWorker.run(SuiteRunner.java:463)
	at org.testng.internal.thread.ThreadUtil.lambda$execute$0(ThreadUtil.java:64)
	at java.base/java.util.concurrent.FutureTask.run(FutureTask.java:317)
	at java.base/java.util.concurrent.ThreadPoolExecutor.runWorker(ThreadPoolExecutor.java:1144)
	at java.base/java.util.concurrent.ThreadPoolExecutor$Worker.run(ThreadPoolExecutor.java:642)
	at java.base/java.lang.Thread.run(Thread.java:1583)
Caused by: com.microsoft.playwright.impl.DriverException: Error {
  message=&apos;Page crashed
  name=&apos;Error
  stack=&apos;Error:Page crashed
Error
    at captureRawStack (C:\Users\PVHASINI\AppData\Local\Temp\playwright-java-13215096773590562549\package\lib\utils\isomorphic\stackTrace.js:32:17)
    at LongStandingScope._race (C:\Users\PVHASINI\AppData\Local\Temp\playwright-java-13215096773590562549\package\lib\utils\isomorphic\manualPromise.js:87:58)
    at LongStandingScope.race (C:\Users\PVHASINI\AppData\Local\Temp\playwright-java-13215096773590562549\package\lib\utils\isomorphic\manualPromise.js:80:17)
    at C:\Users\PVHASINI\AppData\Local\Temp\playwright-java-13215096773590562549\package\lib\utils\isomorphic\manualPromise.js:77:45
    at Array.map (&lt;anonymous&gt;)
    at LongStandingScope.raceMultiple (C:\Users\PVHASINI\AppData\Local\Temp\playwright-java-13215096773590562549\package\lib\utils\isomorphic\manualPromise.js:77:32)
    at Frame.raceNavigationAction (C:\Users\PVHASINI\AppData\Local\Temp\playwright-java-13215096773590562549\package\lib\server\frames.js:475:43)
    at Frame.goto (C:\Users\PVHASINI\AppData\Local\Temp\playwright-java-13215096773590562549\package\lib\server\frames.js:500:17)
    at FrameDispatcher.goto (C:\Users\PVHASINI\AppData\Local\Temp\playwright-java-13215096773590562549\package\lib\server\dispatchers\frameDispatcher.js:70:132)
    at C:\Users\PVHASINI\AppData\Local\Temp\playwright-java-13215096773590562549\package\lib\server\dispatchers\dispatcher.js:95:61
    at ProgressController.run (C:\Users\PVHASINI\AppData\Local\Temp\playwright-java-13215096773590562549\package\lib\server\progress.js:78:28)
    at FrameDispatcher._runCommand (C:\Users\PVHASINI\AppData\Local\Temp\playwright-java-13215096773590562549\package\lib\server\dispatchers\dispatcher.js:95:31)
    at DispatcherConnection.dispatch (C:\Users\PVHASINI\AppData\Local\Temp\playwright-java-13215096773590562549\package\lib\server\dispatchers\dispatcher.js:329:39)
}
Call log:
-   - navigating to &quot;https://naveenautomationlabs.com/opencart/&quot;, waiting until &quot;load&quot;

	at com.microsoft.playwright.impl.Connection.dispatch(Connection.java:262)
	at com.microsoft.playwright.impl.Connection.processOneMessage(Connection.java:214)
	at com.microsoft.playwright.impl.ChannelOwner.runUntil(ChannelOwner.java:136)
	... 24 more
</pre></div><a href='#' onClick='toggleBox("stack-trace842308796", this, "Click to show all stack frames", "Click to hide stack frames")'>Click to show all stack frames</a>
<div class='stack-trace' id='stack-trace842308796'><pre>com.microsoft.playwright.PlaywrightException: Error {
  message=&apos;Page crashed
  name=&apos;Error
  stack=&apos;Error:Page crashed
Error
    at captureRawStack (C:\Users\PVHASINI\AppData\Local\Temp\playwright-java-13215096773590562549\package\lib\utils\isomorphic\stackTrace.js:32:17)
    at LongStandingScope._race (C:\Users\PVHASINI\AppData\Local\Temp\playwright-java-13215096773590562549\package\lib\utils\isomorphic\manualPromise.js:87:58)
    at LongStandingScope.race (C:\Users\PVHASINI\AppData\Local\Temp\playwright-java-13215096773590562549\package\lib\utils\isomorphic\manualPromise.js:80:17)
    at C:\Users\PVHASINI\AppData\Local\Temp\playwright-java-13215096773590562549\package\lib\utils\isomorphic\manualPromise.js:77:45
    at Array.map (&lt;anonymous&gt;)
    at LongStandingScope.raceMultiple (C:\Users\PVHASINI\AppData\Local\Temp\playwright-java-13215096773590562549\package\lib\utils\isomorphic\manualPromise.js:77:32)
    at Frame.raceNavigationAction (C:\Users\PVHASINI\AppData\Local\Temp\playwright-java-13215096773590562549\package\lib\server\frames.js:475:43)
    at Frame.goto (C:\Users\PVHASINI\AppData\Local\Temp\playwright-java-13215096773590562549\package\lib\server\frames.js:500:17)
    at FrameDispatcher.goto (C:\Users\PVHASINI\AppData\Local\Temp\playwright-java-13215096773590562549\package\lib\server\dispatchers\frameDispatcher.js:70:132)
    at C:\Users\PVHASINI\AppData\Local\Temp\playwright-java-13215096773590562549\package\lib\server\dispatchers\dispatcher.js:95:61
    at ProgressController.run (C:\Users\PVHASINI\AppData\Local\Temp\playwright-java-13215096773590562549\package\lib\server\progress.js:78:28)
    at FrameDispatcher._runCommand (C:\Users\PVHASINI\AppData\Local\Temp\playwright-java-13215096773590562549\package\lib\server\dispatchers\dispatcher.js:95:31)
    at DispatcherConnection.dispatch (C:\Users\PVHASINI\AppData\Local\Temp\playwright-java-13215096773590562549\package\lib\server\dispatchers\dispatcher.js:329:39)
}
Call log:
-   - navigating to &quot;https://naveenautomationlabs.com/opencart/&quot;, waiting until &quot;load&quot;

	at com.microsoft.playwright.impl.WaitableResult.get(WaitableResult.java:56)
	at com.microsoft.playwright.impl.ChannelOwner.runUntil(ChannelOwner.java:138)
	at com.microsoft.playwright.impl.Connection.sendMessage(Connection.java:131)
	at com.microsoft.playwright.impl.ChannelOwner.sendMessage(ChannelOwner.java:124)
	at com.microsoft.playwright.impl.FrameImpl.navigateImpl(FrameImpl.java:419)
	at com.microsoft.playwright.impl.PageImpl.navigate(PageImpl.java:930)
	at com.microsoft.playwright.impl.PageImpl.navigate(PageImpl.java:43)
	at com.microsoft.playwright.Page.navigate(Page.java:5491)
	at com.qa.opencart.factory.PlaywrightFactory.initBrowser(PlaywrightFactory.java:72)
	at com.qa.opencart.base.BaseTest.setup(BaseTest.java:27)
	at java.base/jdk.internal.reflect.DirectMethodHandleAccessor.invoke(DirectMethodHandleAccessor.java:103)
	at java.base/java.lang.reflect.Method.invoke(Method.java:580)
	at org.testng.internal.invokers.MethodInvocationHelper.invokeMethod(MethodInvocationHelper.java:141)
	at org.testng.internal.invokers.MethodInvocationHelper.invokeMethodConsideringTimeout(MethodInvocationHelper.java:71)
	at org.testng.internal.invokers.ConfigInvoker.invokeConfigurationMethod(ConfigInvoker.java:400)
	at org.testng.internal.invokers.ConfigInvoker.invokeConfigurations(ConfigInvoker.java:333)
	at org.testng.TestRunner.invokeTestConfigurations(TestRunner.java:657)
	at org.testng.TestRunner.beforeRun(TestRunner.java:646)
	at org.testng.TestRunner.run(TestRunner.java:612)
	at org.testng.SuiteRunner.runTest(SuiteRunner.java:421)
	at org.testng.SuiteRunner$SuiteWorker.run(SuiteRunner.java:463)
	at org.testng.internal.thread.ThreadUtil.lambda$execute$0(ThreadUtil.java:64)
	at java.base/java.util.concurrent.FutureTask.run(FutureTask.java:317)
	at java.base/java.util.concurrent.ThreadPoolExecutor.runWorker(ThreadPoolExecutor.java:1144)
	at java.base/java.util.concurrent.ThreadPoolExecutor$Worker.run(ThreadPoolExecutor.java:642)
	at java.base/java.lang.Thread.run(Thread.java:1583)
Caused by: com.microsoft.playwright.impl.DriverException: Error {
  message=&apos;Page crashed
  name=&apos;Error
  stack=&apos;Error:Page crashed
Error
    at captureRawStack (C:\Users\PVHASINI\AppData\Local\Temp\playwright-java-13215096773590562549\package\lib\utils\isomorphic\stackTrace.js:32:17)
    at LongStandingScope._race (C:\Users\PVHASINI\AppData\Local\Temp\playwright-java-13215096773590562549\package\lib\utils\isomorphic\manualPromise.js:87:58)
    at LongStandingScope.race (C:\Users\PVHASINI\AppData\Local\Temp\playwright-java-13215096773590562549\package\lib\utils\isomorphic\manualPromise.js:80:17)
    at C:\Users\PVHASINI\AppData\Local\Temp\playwright-java-13215096773590562549\package\lib\utils\isomorphic\manualPromise.js:77:45
    at Array.map (&lt;anonymous&gt;)
    at LongStandingScope.raceMultiple (C:\Users\PVHASINI\AppData\Local\Temp\playwright-java-13215096773590562549\package\lib\utils\isomorphic\manualPromise.js:77:32)
    at Frame.raceNavigationAction (C:\Users\PVHASINI\AppData\Local\Temp\playwright-java-13215096773590562549\package\lib\server\frames.js:475:43)
    at Frame.goto (C:\Users\PVHASINI\AppData\Local\Temp\playwright-java-13215096773590562549\package\lib\server\frames.js:500:17)
    at FrameDispatcher.goto (C:\Users\PVHASINI\AppData\Local\Temp\playwright-java-13215096773590562549\package\lib\server\dispatchers\frameDispatcher.js:70:132)
    at C:\Users\PVHASINI\AppData\Local\Temp\playwright-java-13215096773590562549\package\lib\server\dispatchers\dispatcher.js:95:61
    at ProgressController.run (C:\Users\PVHASINI\AppData\Local\Temp\playwright-java-13215096773590562549\package\lib\server\progress.js:78:28)
    at FrameDispatcher._runCommand (C:\Users\PVHASINI\AppData\Local\Temp\playwright-java-13215096773590562549\package\lib\server\dispatchers\dispatcher.js:95:31)
    at DispatcherConnection.dispatch (C:\Users\PVHASINI\AppData\Local\Temp\playwright-java-13215096773590562549\package\lib\server\dispatchers\dispatcher.js:329:39)
}
Call log:
-   - navigating to &quot;https://naveenautomationlabs.com/opencart/&quot;, waiting until &quot;load&quot;

	at com.microsoft.playwright.impl.Connection.dispatch(Connection.java:262)
	at com.microsoft.playwright.impl.Connection.processOneMessage(Connection.java:214)
	at com.microsoft.playwright.impl.ChannelOwner.runUntil(ChannelOwner.java:136)
	... 24 more
</pre></div></td>
<td>0</td>
<td>com.qa.opencart.tests.HomePageTest@5e0e82ae</td></tr>
<tr>
<td title='com.qa.opencart.tests.HomePageTest.getHomePageURLTest()'><b>getHomePageURLTest</b><br>Test class: com.qa.opencart.tests.HomePageTest</td>
<td><div><pre>com.microsoft.playwright.PlaywrightException: Error {
  message=&apos;Page crashed
  name=&apos;Error
  stack=&apos;Error:Page crashed
Error
    at captureRawStack (C:\Users\PVHASINI\AppData\Local\Temp\playwright-java-13215096773590562549\package\lib\utils\isomorphic\stackTrace.js:32:17)
    at LongStandingScope._race (C:\Users\PVHASINI\AppData\Local\Temp\playwright-java-13215096773590562549\package\lib\utils\isomorphic\manualPromise.js:87:58)
    at LongStandingScope.race (C:\Users\PVHASINI\AppData\Local\Temp\playwright-java-13215096773590562549\package\lib\utils\isomorphic\manualPromise.js:80:17)
    at C:\Users\PVHASINI\AppData\Local\Temp\playwright-java-13215096773590562549\package\lib\utils\isomorphic\manualPromise.js:77:45
    at Array.map (&lt;anonymous&gt;)
    at LongStandingScope.raceMultiple (C:\Users\PVHASINI\AppData\Local\Temp\playwright-java-13215096773590562549\package\lib\utils\isomorphic\manualPromise.js:77:32)
    at Frame.raceNavigationAction (C:\Users\PVHASINI\AppData\Local\Temp\playwright-java-13215096773590562549\package\lib\server\frames.js:475:43)
    at Frame.goto (C:\Users\PVHASINI\AppData\Local\Temp\playwright-java-13215096773590562549\package\lib\server\frames.js:500:17)
    at FrameDispatcher.goto (C:\Users\PVHASINI\AppData\Local\Temp\playwright-java-13215096773590562549\package\lib\server\dispatchers\frameDispatcher.js:70:132)
    at C:\Users\PVHASINI\AppData\Local\Temp\playwright-java-13215096773590562549\package\lib\server\dispatchers\dispatcher.js:95:61
    at ProgressController.run (C:\Users\PVHASINI\AppData\Local\Temp\playwright-java-13215096773590562549\package\lib\server\progress.js:78:28)
    at FrameDispatcher._runCommand (C:\Users\PVHASINI\AppData\Local\Temp\playwright-java-13215096773590562549\package\lib\server\dispatchers\dispatcher.js:95:31)
    at DispatcherConnection.dispatch (C:\Users\PVHASINI\AppData\Local\Temp\playwright-java-13215096773590562549\package\lib\server\dispatchers\dispatcher.js:329:39)
}
Call log:
-   - navigating to &quot;https://naveenautomationlabs.com/opencart/&quot;, waiting until &quot;load&quot;

	at com.microsoft.playwright.impl.WaitableResult.get(WaitableResult.java:56)
	at com.microsoft.playwright.impl.ChannelOwner.runUntil(ChannelOwner.java:138)
	at com.microsoft.playwright.impl.Connection.sendMessage(Connection.java:131)
	at com.microsoft.playwright.impl.ChannelOwner.sendMessage(ChannelOwner.java:124)
	at com.microsoft.playwright.impl.FrameImpl.navigateImpl(FrameImpl.java:419)
	at com.microsoft.playwright.impl.PageImpl.navigate(PageImpl.java:930)
	at com.microsoft.playwright.impl.PageImpl.navigate(PageImpl.java:43)
	at com.microsoft.playwright.Page.navigate(Page.java:5491)
	at com.qa.opencart.factory.PlaywrightFactory.initBrowser(PlaywrightFactory.java:72)
	at com.qa.opencart.base.BaseTest.setup(BaseTest.java:27)
	at java.base/jdk.internal.reflect.DirectMethodHandleAccessor.invoke(DirectMethodHandleAccessor.java:103)
	at java.base/java.lang.reflect.Method.invoke(Method.java:580)
	at org.testng.internal.invokers.MethodInvocationHelper.invokeMethod(MethodInvocationHelper.java:141)
	at org.testng.internal.invokers.MethodInvocationHelper.invokeMethodConsideringTimeout(MethodInvocationHelper.java:71)
	at org.testng.internal.invokers.ConfigInvoker.invokeConfigurationMethod(ConfigInvoker.java:400)
	at org.testng.internal.invokers.ConfigInvoker.invokeConfigurations(ConfigInvoker.java:333)
	at org.testng.TestRunner.invokeTestConfigurations(TestRunner.java:657)
	at org.testng.TestRunner.beforeRun(TestRunner.java:646)
	at org.testng.TestRunner.run(TestRunner.java:612)
	at org.testng.SuiteRunner.runTest(SuiteRunner.java:421)
	at org.testng.SuiteRunner$SuiteWorker.run(SuiteRunner.java:463)
	at org.testng.internal.thread.ThreadUtil.lambda$execute$0(ThreadUtil.java:64)
	at java.base/java.util.concurrent.FutureTask.run(FutureTask.java:317)
	at java.base/java.util.concurrent.ThreadPoolExecutor.runWorker(ThreadPoolExecutor.java:1144)
	at java.base/java.util.concurrent.ThreadPoolExecutor$Worker.run(ThreadPoolExecutor.java:642)
	at java.base/java.lang.Thread.run(Thread.java:1583)
Caused by: com.microsoft.playwright.impl.DriverException: Error {
  message=&apos;Page crashed
  name=&apos;Error
  stack=&apos;Error:Page crashed
Error
    at captureRawStack (C:\Users\PVHASINI\AppData\Local\Temp\playwright-java-13215096773590562549\package\lib\utils\isomorphic\stackTrace.js:32:17)
    at LongStandingScope._race (C:\Users\PVHASINI\AppData\Local\Temp\playwright-java-13215096773590562549\package\lib\utils\isomorphic\manualPromise.js:87:58)
    at LongStandingScope.race (C:\Users\PVHASINI\AppData\Local\Temp\playwright-java-13215096773590562549\package\lib\utils\isomorphic\manualPromise.js:80:17)
    at C:\Users\PVHASINI\AppData\Local\Temp\playwright-java-13215096773590562549\package\lib\utils\isomorphic\manualPromise.js:77:45
    at Array.map (&lt;anonymous&gt;)
    at LongStandingScope.raceMultiple (C:\Users\PVHASINI\AppData\Local\Temp\playwright-java-13215096773590562549\package\lib\utils\isomorphic\manualPromise.js:77:32)
    at Frame.raceNavigationAction (C:\Users\PVHASINI\AppData\Local\Temp\playwright-java-13215096773590562549\package\lib\server\frames.js:475:43)
    at Frame.goto (C:\Users\PVHASINI\AppData\Local\Temp\playwright-java-13215096773590562549\package\lib\server\frames.js:500:17)
    at FrameDispatcher.goto (C:\Users\PVHASINI\AppData\Local\Temp\playwright-java-13215096773590562549\package\lib\server\dispatchers\frameDispatcher.js:70:132)
    at C:\Users\PVHASINI\AppData\Local\Temp\playwright-java-13215096773590562549\package\lib\server\dispatchers\dispatcher.js:95:61
    at ProgressController.run (C:\Users\PVHASINI\AppData\Local\Temp\playwright-java-13215096773590562549\package\lib\server\progress.js:78:28)
    at FrameDispatcher._runCommand (C:\Users\PVHASINI\AppData\Local\Temp\playwright-java-13215096773590562549\package\lib\server\dispatchers\dispatcher.js:95:31)
    at DispatcherConnection.dispatch (C:\Users\PVHASINI\AppData\Local\Temp\playwright-java-13215096773590562549\package\lib\server\dispatchers\dispatcher.js:329:39)
}
Call log:
-   - navigating to &quot;https://naveenautomationlabs.com/opencart/&quot;, waiting until &quot;load&quot;

	at com.microsoft.playwright.impl.Connection.dispatch(Connection.java:262)
	at com.microsoft.playwright.impl.Connection.processOneMessage(Connection.java:214)
	at com.microsoft.playwright.impl.ChannelOwner.runUntil(ChannelOwner.java:136)
	... 24 more
</pre></div><a href='#' onClick='toggleBox("stack-trace1637990575", this, "Click to show all stack frames", "Click to hide stack frames")'>Click to show all stack frames</a>
<div class='stack-trace' id='stack-trace1637990575'><pre>com.microsoft.playwright.PlaywrightException: Error {
  message=&apos;Page crashed
  name=&apos;Error
  stack=&apos;Error:Page crashed
Error
    at captureRawStack (C:\Users\PVHASINI\AppData\Local\Temp\playwright-java-13215096773590562549\package\lib\utils\isomorphic\stackTrace.js:32:17)
    at LongStandingScope._race (C:\Users\PVHASINI\AppData\Local\Temp\playwright-java-13215096773590562549\package\lib\utils\isomorphic\manualPromise.js:87:58)
    at LongStandingScope.race (C:\Users\PVHASINI\AppData\Local\Temp\playwright-java-13215096773590562549\package\lib\utils\isomorphic\manualPromise.js:80:17)
    at C:\Users\PVHASINI\AppData\Local\Temp\playwright-java-13215096773590562549\package\lib\utils\isomorphic\manualPromise.js:77:45
    at Array.map (&lt;anonymous&gt;)
    at LongStandingScope.raceMultiple (C:\Users\PVHASINI\AppData\Local\Temp\playwright-java-13215096773590562549\package\lib\utils\isomorphic\manualPromise.js:77:32)
    at Frame.raceNavigationAction (C:\Users\PVHASINI\AppData\Local\Temp\playwright-java-13215096773590562549\package\lib\server\frames.js:475:43)
    at Frame.goto (C:\Users\PVHASINI\AppData\Local\Temp\playwright-java-13215096773590562549\package\lib\server\frames.js:500:17)
    at FrameDispatcher.goto (C:\Users\PVHASINI\AppData\Local\Temp\playwright-java-13215096773590562549\package\lib\server\dispatchers\frameDispatcher.js:70:132)
    at C:\Users\PVHASINI\AppData\Local\Temp\playwright-java-13215096773590562549\package\lib\server\dispatchers\dispatcher.js:95:61
    at ProgressController.run (C:\Users\PVHASINI\AppData\Local\Temp\playwright-java-13215096773590562549\package\lib\server\progress.js:78:28)
    at FrameDispatcher._runCommand (C:\Users\PVHASINI\AppData\Local\Temp\playwright-java-13215096773590562549\package\lib\server\dispatchers\dispatcher.js:95:31)
    at DispatcherConnection.dispatch (C:\Users\PVHASINI\AppData\Local\Temp\playwright-java-13215096773590562549\package\lib\server\dispatchers\dispatcher.js:329:39)
}
Call log:
-   - navigating to &quot;https://naveenautomationlabs.com/opencart/&quot;, waiting until &quot;load&quot;

	at com.microsoft.playwright.impl.WaitableResult.get(WaitableResult.java:56)
	at com.microsoft.playwright.impl.ChannelOwner.runUntil(ChannelOwner.java:138)
	at com.microsoft.playwright.impl.Connection.sendMessage(Connection.java:131)
	at com.microsoft.playwright.impl.ChannelOwner.sendMessage(ChannelOwner.java:124)
	at com.microsoft.playwright.impl.FrameImpl.navigateImpl(FrameImpl.java:419)
	at com.microsoft.playwright.impl.PageImpl.navigate(PageImpl.java:930)
	at com.microsoft.playwright.impl.PageImpl.navigate(PageImpl.java:43)
	at com.microsoft.playwright.Page.navigate(Page.java:5491)
	at com.qa.opencart.factory.PlaywrightFactory.initBrowser(PlaywrightFactory.java:72)
	at com.qa.opencart.base.BaseTest.setup(BaseTest.java:27)
	at java.base/jdk.internal.reflect.DirectMethodHandleAccessor.invoke(DirectMethodHandleAccessor.java:103)
	at java.base/java.lang.reflect.Method.invoke(Method.java:580)
	at org.testng.internal.invokers.MethodInvocationHelper.invokeMethod(MethodInvocationHelper.java:141)
	at org.testng.internal.invokers.MethodInvocationHelper.invokeMethodConsideringTimeout(MethodInvocationHelper.java:71)
	at org.testng.internal.invokers.ConfigInvoker.invokeConfigurationMethod(ConfigInvoker.java:400)
	at org.testng.internal.invokers.ConfigInvoker.invokeConfigurations(ConfigInvoker.java:333)
	at org.testng.TestRunner.invokeTestConfigurations(TestRunner.java:657)
	at org.testng.TestRunner.beforeRun(TestRunner.java:646)
	at org.testng.TestRunner.run(TestRunner.java:612)
	at org.testng.SuiteRunner.runTest(SuiteRunner.java:421)
	at org.testng.SuiteRunner$SuiteWorker.run(SuiteRunner.java:463)
	at org.testng.internal.thread.ThreadUtil.lambda$execute$0(ThreadUtil.java:64)
	at java.base/java.util.concurrent.FutureTask.run(FutureTask.java:317)
	at java.base/java.util.concurrent.ThreadPoolExecutor.runWorker(ThreadPoolExecutor.java:1144)
	at java.base/java.util.concurrent.ThreadPoolExecutor$Worker.run(ThreadPoolExecutor.java:642)
	at java.base/java.lang.Thread.run(Thread.java:1583)
Caused by: com.microsoft.playwright.impl.DriverException: Error {
  message=&apos;Page crashed
  name=&apos;Error
  stack=&apos;Error:Page crashed
Error
    at captureRawStack (C:\Users\PVHASINI\AppData\Local\Temp\playwright-java-13215096773590562549\package\lib\utils\isomorphic\stackTrace.js:32:17)
    at LongStandingScope._race (C:\Users\PVHASINI\AppData\Local\Temp\playwright-java-13215096773590562549\package\lib\utils\isomorphic\manualPromise.js:87:58)
    at LongStandingScope.race (C:\Users\PVHASINI\AppData\Local\Temp\playwright-java-13215096773590562549\package\lib\utils\isomorphic\manualPromise.js:80:17)
    at C:\Users\PVHASINI\AppData\Local\Temp\playwright-java-13215096773590562549\package\lib\utils\isomorphic\manualPromise.js:77:45
    at Array.map (&lt;anonymous&gt;)
    at LongStandingScope.raceMultiple (C:\Users\PVHASINI\AppData\Local\Temp\playwright-java-13215096773590562549\package\lib\utils\isomorphic\manualPromise.js:77:32)
    at Frame.raceNavigationAction (C:\Users\PVHASINI\AppData\Local\Temp\playwright-java-13215096773590562549\package\lib\server\frames.js:475:43)
    at Frame.goto (C:\Users\PVHASINI\AppData\Local\Temp\playwright-java-13215096773590562549\package\lib\server\frames.js:500:17)
    at FrameDispatcher.goto (C:\Users\PVHASINI\AppData\Local\Temp\playwright-java-13215096773590562549\package\lib\server\dispatchers\frameDispatcher.js:70:132)
    at C:\Users\PVHASINI\AppData\Local\Temp\playwright-java-13215096773590562549\package\lib\server\dispatchers\dispatcher.js:95:61
    at ProgressController.run (C:\Users\PVHASINI\AppData\Local\Temp\playwright-java-13215096773590562549\package\lib\server\progress.js:78:28)
    at FrameDispatcher._runCommand (C:\Users\PVHASINI\AppData\Local\Temp\playwright-java-13215096773590562549\package\lib\server\dispatchers\dispatcher.js:95:31)
    at DispatcherConnection.dispatch (C:\Users\PVHASINI\AppData\Local\Temp\playwright-java-13215096773590562549\package\lib\server\dispatchers\dispatcher.js:329:39)
}
Call log:
-   - navigating to &quot;https://naveenautomationlabs.com/opencart/&quot;, waiting until &quot;load&quot;

	at com.microsoft.playwright.impl.Connection.dispatch(Connection.java:262)
	at com.microsoft.playwright.impl.Connection.processOneMessage(Connection.java:214)
	at com.microsoft.playwright.impl.ChannelOwner.runUntil(ChannelOwner.java:136)
	... 24 more
</pre></div></td>
<td>0</td>
<td>com.qa.opencart.tests.HomePageTest@5e0e82ae</td></tr>
</table><p>
</body>
</html>