<?xml version="1.0" encoding="UTF-8"?>
<!-- Generated by org.testng.reporters.JUnitXMLReporter -->
<testsuite ignored="0" hostname="Mohan-Thiyagarajan" failures="0" tests="5" name="Home Page Test" time="7.707" errors="0" timestamp="2025-12-23T15:47:37 IST">
  <testcase classname="com.qa.opencart.tests.HomePageTest" name="homePageTitleTest" time="0.039"/>
  <testcase classname="com.qa.opencart.tests.HomePageTest" name="getHomePageURLTest" time="0.003"/>
  <testcase classname="com.qa.opencart.tests.HomePageTest" name="searchTest" time="0.414"/>
  <testcase classname="com.qa.opencart.tests.HomePageTest" name="searchTest" time="0.461"/>
  <testcase classname="com.qa.opencart.tests.HomePageTest" name="searchTest" time="0.292"/>
</testsuite> <!-- Home Page Test -->
