<?xml version="1.0" encoding="UTF-8"?>
<!-- Generated by org.testng.reporters.JUnitXMLReporter -->
<testsuite ignored="0" hostname="Mohan-Thiyagarajan" failures="0" tests="3" name="Login Page Test" time="4.572" errors="0" timestamp="2025-12-23T15:47:41 IST">
  <testcase classname="com.qa.opencart.tests.LoginPageTest" name="loginPageNavigationTest" time="0.695"/>
  <testcase classname="com.qa.opencart.tests.LoginPageTest" name="visibleForgotPasswordLink" time="0.03"/>
  <testcase classname="com.qa.opencart.tests.LoginPageTest" name="appLoginTest" time="0.401"/>
</testsuite> <!-- Login Page Test -->
