<?xml version="1.0" encoding="UTF-8"?>
<!-- Generated by org.testng.reporters.JUnitXMLReporter -->
<testsuite ignored="0" hostname="Mohan-Thiyagarajan" failures="0" tests="3" name="Login Page Test" time="12.279" errors="0" timestamp="2025-12-20T12:54:31 IST">
  <testcase classname="com.qa.opencart.tests.LoginPageTest" name="loginPageNavigationTest" time="0.843"/>
  <testcase classname="com.qa.opencart.tests.LoginPageTest" name="visibleForgotPasswordLink" time="0.022"/>
  <testcase classname="com.qa.opencart.tests.LoginPageTest" name="appLoginTest" time="1.431"/>
</testsuite> <!-- Login Page Test -->
