<?xml version="1.0" encoding="UTF-8"?>
<!-- Generated by org.testng.reporters.JUnitXMLReporter -->
<testsuite ignored="0" hostname="Mohan-Thiyagarajan" failures="0" tests="5" name="RegressionTest" time="7.482" errors="0" timestamp="2025-12-19T19:45:17 IST">
  <testcase classname="com.qa.opencart.tests.HomePageTest" name="homePageTitleTest" time="0.022"/>
  <testcase classname="com.qa.opencart.tests.HomePageTest" name="getHomePageURLTest" time="0.005"/>
  <testcase classname="com.qa.opencart.tests.HomePageTest" name="searchTest" time="0.553"/>
  <testcase classname="com.qa.opencart.tests.HomePageTest" name="searchTest" time="0.429"/>
  <testcase classname="com.qa.opencart.tests.HomePageTest" name="searchTest" time="0.302"/>
</testsuite> <!-- RegressionTest -->
