<?xml version="1.0" encoding="UTF-8"?>
<testsuite xmlns:xsi="http://www.w3.org/2001/XMLSchema-instance" xsi:noNamespaceSchemaLocation="https://maven.apache.org/surefire/maven-surefire-plugin/xsd/surefire-test-report.xsd" version="3.0.2" name="TestSuite" time="23.242" tests="8" errors="0" skipped="0" failures="1">
  <properties>
[...]
</properties>
  <testcase name="homePageTitleTest" classname="com.qa.opencart.tests.HomePageTest" time="0.029">
    <system-out><![CDATA[Browser Name is: chromium
Page Title: Your Store
]]></system-out>
    <system-err><![CDATA[SLF4J(W): No SLF4J providers were found.
SLF4J(W): Defaulting to no-operation (NOP) logger implementation
SLF4J(W): See https://www.slf4j.org/codes.html#noProviders for further details.
]]></system-err>
  </testcase>
  <testcase name="getHomePageURLTest" classname="com.qa.opencart.tests.HomePageTest" time="0.0">
    <system-out><![CDATA[Page url: https://naveenautomationlabs.com/opencart/
]]></system-out>
  </testcase>
  <testcase name="searchTest[Macbook](1)" classname="com.qa.opencart.tests.HomePageTest" time="0.702">
    <system-out><![CDATA[Search Header: Search - Macbook
]]></system-out>
  </testcase>
  <testcase name="searchTest[iMac](2)" classname="com.qa.opencart.tests.HomePageTest" time="0.483">
    <system-out><![CDATA[Search Header: Search - iMac
]]></system-out>
  </testcase>
  <testcase name="searchTest[Samsung](3)" classname="com.qa.opencart.tests.HomePageTest" time="0.217">
    <failure message="expected [Search - Samsung] but found [Search - iMac]" type="java.lang.AssertionError"><![CDATA[java.lang.AssertionError: expected [Search - Samsung] but found [Search - iMac]
	at org.testng.Assert.fail(Assert.java:111)
	at org.testng.Assert.failNotEquals(Assert.java:1590)
	at org.testng.Assert.assertEqualsImpl(Assert.java:150)
	at org.testng.Assert.assertEquals(Assert.java:132)
	at org.testng.Assert.assertEquals(Assert.java:656)
	at org.testng.Assert.assertEquals(Assert.java:666)
	at com.qa.opencart.tests.HomePageTest.searchTest(HomePageTest.java:35)
	at java.base/jdk.internal.reflect.DirectMethodHandleAccessor.invoke(DirectMethodHandleAccessor.java:103)
	at java.base/java.lang.reflect.Method.invoke(Method.java:580)
	at org.testng.internal.invokers.MethodInvocationHelper.invokeMethod(MethodInvocationHelper.java:141)
	at org.testng.internal.invokers.TestInvoker.invokeMethod(TestInvoker.java:687)
	at org.testng.internal.invokers.TestInvoker.invokeTestMethod(TestInvoker.java:230)
	at org.testng.internal.invokers.MethodRunner.runInSequence(MethodRunner.java:63)
	at org.testng.internal.invokers.TestInvoker$MethodInvocationAgent.invoke(TestInvoker.java:995)
	at org.testng.internal.invokers.TestInvoker.invokeTestMethods(TestInvoker.java:203)
	at org.testng.internal.invokers.TestMethodWorker.invokeTestMethods(TestMethodWorker.java:154)
	at org.testng.internal.invokers.TestMethodWorker.run(TestMethodWorker.java:134)
	at java.base/java.util.ArrayList.forEach(ArrayList.java:1596)
	at org.testng.TestRunner.privateRun(TestRunner.java:741)
	at org.testng.TestRunner.run(TestRunner.java:616)
	at org.testng.SuiteRunner.runTest(SuiteRunner.java:421)
	at org.testng.SuiteRunner.runSequentially(SuiteRunner.java:413)
	at org.testng.SuiteRunner.privateRun(SuiteRunner.java:373)
	at org.testng.SuiteRunner.run(SuiteRunner.java:312)
	at org.testng.SuiteRunnerWorker.runSuite(SuiteRunnerWorker.java:52)
	at org.testng.SuiteRunnerWorker.run(SuiteRunnerWorker.java:95)
	at org.testng.TestNG.runSuitesSequentially(TestNG.java:1274)
	at org.testng.TestNG.runSuitesLocally(TestNG.java:1208)
	at org.testng.TestNG.runSuites(TestNG.java:1112)
	at org.testng.TestNG.run(TestNG.java:1079)
	at org.apache.maven.surefire.testng.TestNGExecutor.run(TestNGExecutor.java:155)
	at org.apache.maven.surefire.testng.TestNGDirectoryTestSuite.executeMulti(TestNGDirectoryTestSuite.java:169)
	at org.apache.maven.surefire.testng.TestNGDirectoryTestSuite.execute(TestNGDirectoryTestSuite.java:88)
	at org.apache.maven.surefire.testng.TestNGProvider.invoke(TestNGProvider.java:137)
	at org.apache.maven.surefire.booter.ForkedBooter.runSuitesInProcess(ForkedBooter.java:385)
	at org.apache.maven.surefire.booter.ForkedBooter.execute(ForkedBooter.java:162)
	at org.apache.maven.surefire.booter.ForkedBooter.run(ForkedBooter.java:507)
	at org.apache.maven.surefire.booter.ForkedBooter.main(ForkedBooter.java:495)
]]></failure>
    <system-out><![CDATA[Search Header: Search - iMac
]]></system-out>
  </testcase>
  <testcase name="loginPageNavigationTest" classname="com.qa.opencart.tests.LoginPageTest" time="0.634">
    <system-out><![CDATA[Browser Name is: chromium
Page Title: Account Login
]]></system-out>
  </testcase>
  <testcase name="visibleForgotPasswordLink" classname="com.qa.opencart.tests.LoginPageTest" time="0.133"/>
  <testcase name="appLoginTest" classname="com.qa.opencart.tests.LoginPageTest" time="0.636">
    <system-out><![CDATA[App Cred: tnjprasannav@gmail.com : Test@123
login successfully
]]></system-out>
  </testcase>
</testsuite>