<?xml version="1.0" encoding="UTF-8"?>
<testng-results ignored="0" total="8" passed="8" failed="0" skipped="0">
  <reporter-output>
  </reporter-output>
  <suite started-at="2025-12-23T15:47:29 IST" name="Open Cart Test Regression PW Suite" finished-at="2025-12-23T15:47:41 IST" duration-ms="12320">
    <groups>
    </groups>
    <test started-at="2025-12-23T15:47:29 IST" name="Home Page Test" finished-at="2025-12-23T15:47:37 IST" duration-ms="7707">
      <class name="com.qa.opencart.tests.HomePageTest">
        <test-method is-config="true" signature="setup()[pri:0, instance:com.qa.opencart.tests.HomePageTest@30c15d8b]" started-at="2025-12-23T15:47:29 IST" name="setup" finished-at="2025-12-23T15:47:35 IST" duration-ms="6064" status="PASS">
          <reporter-output>
          </reporter-output>
        </test-method> <!-- setup -->
        <test-method signature="homePageTitleTest()[pri:1, instance:com.qa.opencart.tests.HomePageTest@30c15d8b]" started-at="2025-12-23T15:47:35 IST" name="homePageTitleTest" finished-at="2025-12-23T15:47:35 IST" duration-ms="39" status="PASS">
          <reporter-output>
          </reporter-output>
        </test-method> <!-- homePageTitleTest -->
        <test-method signature="getHomePageURLTest()[pri:2, instance:com.qa.opencart.tests.HomePageTest@30c15d8b]" started-at="2025-12-23T15:47:35 IST" name="getHomePageURLTest" finished-at="2025-12-23T15:47:35 IST" duration-ms="3" status="PASS">
          <reporter-output>
          </reporter-output>
        </test-method> <!-- getHomePageURLTest -->
        <test-method signature="searchTest(java.lang.String)[pri:3, instance:com.qa.opencart.tests.HomePageTest@30c15d8b]" started-at="2025-12-23T15:47:35 IST" name="searchTest" data-provider="getProductData" finished-at="2025-12-23T15:47:36 IST" duration-ms="414" status="PASS">
          <params>
            <param index="0">
              <value>
                <![CDATA[Macbook]]>
              </value>
            </param>
          </params>
          <reporter-output>
          </reporter-output>
        </test-method> <!-- searchTest -->
        <test-method signature="searchTest(java.lang.String)[pri:3, instance:com.qa.opencart.tests.HomePageTest@30c15d8b]" started-at="2025-12-23T15:47:36 IST" name="searchTest" data-provider="getProductData" finished-at="2025-12-23T15:47:36 IST" duration-ms="461" status="PASS">
          <params>
            <param index="0">
              <value>
                <![CDATA[iMac]]>
              </value>
            </param>
          </params>
          <reporter-output>
          </reporter-output>
        </test-method> <!-- searchTest -->
        <test-method signature="searchTest(java.lang.String)[pri:3, instance:com.qa.opencart.tests.HomePageTest@30c15d8b]" started-at="2025-12-23T15:47:36 IST" name="searchTest" data-provider="getProductData" finished-at="2025-12-23T15:47:36 IST" duration-ms="292" status="PASS">
          <params>
            <param index="0">
              <value>
                <![CDATA[Samsung]]>
              </value>
            </param>
          </params>
          <reporter-output>
          </reporter-output>
        </test-method> <!-- searchTest -->
        <test-method is-config="true" signature="tearDown()[pri:0, instance:com.qa.opencart.tests.HomePageTest@30c15d8b]" started-at="2025-12-23T15:47:36 IST" name="tearDown" finished-at="2025-12-23T15:47:37 IST" duration-ms="335" status="PASS">
          <reporter-output>
          </reporter-output>
        </test-method> <!-- tearDown -->
      </class> <!-- com.qa.opencart.tests.HomePageTest -->
    </test> <!-- Home Page Test -->
    <test started-at="2025-12-23T15:47:37 IST" name="Login Page Test" finished-at="2025-12-23T15:47:41 IST" duration-ms="4572">
      <class name="com.qa.opencart.tests.LoginPageTest">
        <test-method is-config="true" signature="setup()[pri:0, instance:com.qa.opencart.tests.LoginPageTest@489115ef]" started-at="2025-12-23T15:47:37 IST" name="setup" finished-at="2025-12-23T15:47:40 IST" duration-ms="3047" status="PASS">
          <reporter-output>
          </reporter-output>
        </test-method> <!-- setup -->
        <test-method signature="loginPageNavigationTest()[pri:1, instance:com.qa.opencart.tests.LoginPageTest@489115ef]" started-at="2025-12-23T15:47:40 IST" name="loginPageNavigationTest" finished-at="2025-12-23T15:47:41 IST" duration-ms="695" status="PASS">
          <reporter-output>
          </reporter-output>
        </test-method> <!-- loginPageNavigationTest -->
        <test-method signature="visibleForgotPasswordLink()[pri:2, instance:com.qa.opencart.tests.LoginPageTest@489115ef]" started-at="2025-12-23T15:47:41 IST" name="visibleForgotPasswordLink" finished-at="2025-12-23T15:47:41 IST" duration-ms="30" status="PASS">
          <reporter-output>
          </reporter-output>
        </test-method> <!-- visibleForgotPasswordLink -->
        <test-method signature="appLoginTest()[pri:3, instance:com.qa.opencart.tests.LoginPageTest@489115ef]" started-at="2025-12-23T15:47:41 IST" name="appLoginTest" finished-at="2025-12-23T15:47:41 IST" duration-ms="401" status="PASS">
          <reporter-output>
          </reporter-output>
        </test-method> <!-- appLoginTest -->
        <test-method is-config="true" signature="tearDown()[pri:0, instance:com.qa.opencart.tests.LoginPageTest@489115ef]" started-at="2025-12-23T15:47:41 IST" name="tearDown" finished-at="2025-12-23T15:47:41 IST" duration-ms="384" status="PASS">
          <reporter-output>
          </reporter-output>
        </test-method> <!-- tearDown -->
      </class> <!-- com.qa.opencart.tests.LoginPageTest -->
    </test> <!-- Login Page Test -->
  </suite> <!-- Open Cart Test Regression PW Suite -->
</testng-results>
