<?xml version="1.0" encoding="UTF-8"?>
<!-- Generated by org.testng.reporters.JUnitReportReporter -->
<testsuite hostname="Mohan-Thiyagarajan" failures="0" tests="3" name="com.qa.opencart.tests.LoginPageTest" time="2.296" errors="0" timestamp="2025-12-20T12:54:32 IST" skipped="0">
  <testcase classname="com.qa.opencart.tests.LoginPageTest" name="loginPageNavigationTest" time="0.843"/>
  <testcase classname="com.qa.opencart.tests.LoginPageTest" name="visibleForgotPasswordLink" time="0.022"/>
  <testcase classname="com.qa.opencart.tests.LoginPageTest" name="appLoginTest" time="1.431"/>
</testsuite> <!-- com.qa.opencart.tests.LoginPageTest -->
