<?xml version="1.0" encoding="UTF-8"?>
<!-- Generated by org.testng.reporters.JUnitReportReporter -->
<testsuite hostname="Mohan-Thiyagarajan" failures="0" tests="3" name="com.qa.opencart.tests.LoginPageTest" time="1.126" errors="0" timestamp="2025-12-23T15:47:41 IST" skipped="0">
  <testcase classname="com.qa.opencart.tests.LoginPageTest" name="loginPageNavigationTest" time="0.695"/>
  <testcase classname="com.qa.opencart.tests.LoginPageTest" name="visibleForgotPasswordLink" time="0.030"/>
  <testcase classname="com.qa.opencart.tests.LoginPageTest" name="appLoginTest" time="0.401"/>
</testsuite> <!-- com.qa.opencart.tests.LoginPageTest -->
