<?xml version="1.0" encoding="UTF-8"?>
<!-- Generated by org.testng.reporters.JUnitReportReporter -->
<testsuite hostname="Mohan-Thiyagarajan" failures="0" tests="3" name="com.qa.opencart.tests.LoginPageTest" time="1.402" errors="0" timestamp="2025-12-30T11:25:28 IST" skipped="0">
  <testcase classname="com.qa.opencart.tests.LoginPageTest" name="loginPageNavigationTest" time="0.633"/>
  <testcase classname="com.qa.opencart.tests.LoginPageTest" name="visibleForgotPasswordLink" time="0.132"/>
  <testcase classname="com.qa.opencart.tests.LoginPageTest" name="appLoginTest" time="0.637"/>
</testsuite> <!-- com.qa.opencart.tests.LoginPageTest -->
